[2023-09-16 17:48:44] 站点 https://blog.sondy.top 检测完成，站点包含 travellings 字段，状态已更新为 RUN
[2023-09-16 17:48:45] 站点 https://sonic.volf.club 检测完成，站点包含 travellings 字段，状态已更新为 RUN
[2023-09-16 17:48:45] 站点 https://yltang.cn 检测完成，站点包含 travellings 字段，状态已更新为 RUN
[2023-09-16 17:48:45] 站点 https://takuron.top 检测完成，站点包含 travellings 字段，状态已更新为 RUN
[2023-09-16 17:48:46] 站点 https://www.yamdr.cn 检测完成，站点包含 travellings 字段，状态已更新为 RUN
[2023-09-16 17:48:47] 站点 https://fx7.top 检测完成，站点包含 travellings 字段，状态已更新为 RUN
[2023-09-16 17:48:49] 站点 https://blog.uniartisan.com 检测完成，站点包含 travellings 字段，状态已更新为 RUN
[2023-09-16 17:48:49] 站点 https://jinqimu.github.io 检测完成，站点包含 travellings 字段，状态已更新为 RUN
[2023-09-16 17:48:49] 站点 https://www.ganto.cn 检测完成，站点不包含 travellings 字段，状态已更新为 LOST
[2023-09-16 17:48:49] 站点 https://www.zhengqiao.wang 检测完成，站点包含 travellings 字段，状态已更新为 RUN
[2023-09-16 17:48:53] 站点 https://xiamoqwq.com 检测完成，站点包含 travellings 字段，状态已更新为 RUN
[2023-09-16 17:48:54] 站点 https://grimoire.cn 检测完成，站点包含 travellings 字段，状态已更新为 RUN
[2023-09-16 17:48:54] 站点 https://mQAQm.com 检测完成，请求出错，状态已更新为 ERROR
[2023-09-16 17:48:54] 站点 https://www.fzxx.xyz 检测完成，请求返回 403 状态码，状态已更新为 403
[2023-09-16 17:48:55] 站点 https://blog.zeruns.tech 检测完成，站点包含 travellings 字段，状态已更新为 RUN
[2023-09-16 17:48:55] 站点 https://guqing.xyz 检测完成，站点包含 travellings 字段，状态已更新为 RUN
[2023-09-16 17:48:57] 站点 https://www.xiyo8.cn 检测完成，站点包含 travellings 字段，状态已更新为 RUN
[2023-09-16 17:49:01] 站点 https://blog.m78.co 检测完成，站点包含 travellings 字段，状态已更新为 RUN
[2023-09-16 17:49:03] 站点 https://ionssource.cn 检测完成，站点包含 travellings 字段，状态已更新为 RUN
[2023-09-16 17:49:04] 站点 https://baka.fun 检测完成，站点包含 travellings 字段，状态已更新为 RUN
[2023-09-16 17:49:05] 站点 https://www.extlight.com 检测完成，请求出错，状态已更新为 ERROR
[2023-09-16 17:49:07] 站点 https://blog.moej.cn 检测完成，站点包含 travellings 字段，状态已更新为 RUN
[2023-09-16 17:49:08] 站点 https://blog.mhuig.top 检测完成，站点包含 travellings 字段，状态已更新为 RUN
[2023-09-16 17:49:09] 站点 https://kissbaofish.cn 检测完成，站点包含 travellings 字段，状态已更新为 RUN
[2023-09-16 17:49:09] 站点 https://krau.top 检测完成，站点包含 travellings 字段，状态已更新为 RUN
[2023-09-16 17:49:11] 站点 https://www.timochan.cn 检测完成，站点包含 travellings 字段，状态已更新为 RUN
[2023-09-16 17:49:14] 站点 https://z555.icu 检测完成，站点不包含 travellings 字段，状态已更新为 LOST
[2023-09-16 17:49:15] 站点 https://feiliwuyan.com 检测完成，站点包含 travellings 字段，状态已更新为 RUN
[2023-09-16 17:49:16] 站点 https://blog.ojhdt.com 检测完成，站点包含 travellings 字段，状态已更新为 RUN
[2023-09-16 17:49:18] 站点 https://www.freejishu.com 检测完成，站点包含 travellings 字段，状态已更新为 RUN
[2023-09-16 17:49:19] 站点 https://dreamo.ink 检测完成，站点包含 travellings 字段，状态已更新为 RUN
[2023-09-16 17:49:25] 站点 https://dpii.club 检测完成，站点包含 travellings 字段，状态已更新为 RUN
[2023-09-16 17:49:25] 站点 https://www.pluvet.com 检测完成，请求出错，状态已更新为 ERROR
[2023-09-16 17:49:28] 站点 https://moechu.cn 检测完成，站点包含 travellings 字段，状态已更新为 RUN
[2023-09-16 17:49:29] 站点 https://www.zqcnc.cn 检测完成，站点包含 travellings 字段，状态已更新为 RUN
[2023-09-16 17:49:30] 站点 https://blog.mrzefr.cn 检测完成，站点包含 travellings 字段，状态已更新为 RUN
[2023-09-16 17:49:31] 站点 https://wznmickey.com 检测完成，站点包含 travellings 字段，状态已更新为 RUN
[2023-09-16 17:49:31] 站点 https://blog.pai233.top 检测完成，请求返回 404 状态码，状态已更新为 404
[2023-09-16 17:49:32] 站点 https://blog.6yfz.cn 检测完成，站点包含 travellings 字段，状态已更新为 RUN
[2023-09-16 17:49:34] 站点 https://lyp.ink 检测完成，站点包含 travellings 字段，状态已更新为 RUN
[2023-09-16 17:49:36] 站点 https://jimmyqin.cn 检测完成，站点包含 travellings 字段，状态已更新为 RUN
[2023-09-16 17:49:38] 站点 https://wangpl.top 检测完成，请求出错，状态已更新为 ERROR
[2023-09-16 17:49:41] 站点 https://abaa.cc 检测完成，站点包含 travellings 字段，状态已更新为 RUN
[2023-09-16 17:49:43] 站点 https://www.y2jq.com 检测完成，站点不包含 travellings 字段，状态已更新为 LOST
[2023-09-16 17:49:45] 站点 https://moey.cn 检测完成，站点包含 travellings 字段，状态已更新为 RUN
[2023-09-16 17:49:46] 站点 https://neutrino7.top 检测完成，站点包含 travellings 字段，状态已更新为 RUN
[2023-09-16 17:49:47] 站点 https://histonevon.top 检测完成，站点包含 travellings 字段，状态已更新为 RUN
[2023-09-16 17:49:48] 站点 https://nekox.cn 检测完成，请求出错，状态已更新为 ERROR
[2023-09-16 17:49:48] 站点 https://www.zk1220.com 检测完成，请求返回 404 状态码，状态已更新为 404
[2023-09-16 17:49:48] 站点 https://blog.butanediol.me 检测完成，站点包含 travellings 字段，状态已更新为 RUN
[2023-09-16 17:49:49] 站点 https://www.chirmyram.top 检测完成，站点包含 travellings 字段，状态已更新为 RUN
[2023-09-16 17:49:50] 站点 https://www.acg19.top 检测完成，站点不包含 travellings 字段，状态已更新为 LOST
[2023-09-16 17:49:50] 站点 https://youdef.com 检测完成，站点包含 travellings 字段，状态已更新为 RUN
[2023-09-16 17:49:51] 站点 https://www.paddylin.top 检测完成，站点不包含 travellings 字段，状态已更新为 LOST
[2023-09-16 17:49:51] 站点 https://iktao.cn 检测完成，请求出错，状态已更新为 ERROR
[2023-09-16 17:49:52] 站点 https://dusays.com 检测完成，站点包含 travellings 字段，状态已更新为 RUN
[2023-09-16 17:49:52] 站点 https://blog.ban.moe 检测完成，站点包含 travellings 字段，状态已更新为 RUN
[2023-09-16 17:49:53] 站点 https://shoka.lostyu.me 检测完成，站点不包含 travellings 字段，状态已更新为 LOST
[2023-09-16 17:49:53] 站点 https://www.mrskye.cn 检测完成，站点包含 travellings 字段，状态已更新为 RUN
[2023-09-16 17:49:54] 站点 https://zigzagk.top 检测完成，站点包含 travellings 字段，状态已更新为 RUN
[2023-09-16 17:49:56] 站点 https://jsongx.com 检测完成，站点包含 travellings 字段，状态已更新为 RUN
[2023-09-16 17:49:57] 站点 https://www.cnblogs.com/borber 检测完成，站点包含 travellings 字段，状态已更新为 RUN
[2023-09-16 17:49:57] 站点 https://realmicah.xyz 检测完成，请求返回 502 状态码，状态已更新为 502
[2023-09-16 17:49:59] 站点 https://xd.sh.cn 检测完成，站点包含 travellings 字段，状态已更新为 RUN
[2023-09-16 17:50:00] 站点 https://www.n-bc.top 检测完成，站点包含 travellings 字段，状态已更新为 RUN
[2023-09-16 17:50:01] 站点 https://blog.limecho.net 检测完成，请求返回 526 状态码，状态已更新为 526
[2023-09-16 17:50:02] 站点 https://blog.pppane.com 检测完成，站点包含 travellings 字段，状态已更新为 RUN
[2023-09-16 17:50:02] 站点 https://xianyum.cn 检测完成，请求出错，状态已更新为 ERROR
[2023-09-16 17:50:03] 站点 https://www.codinglink.tech 检测完成，站点包含 travellings 字段，状态已更新为 RUN
[2023-09-16 17:50:03] 站点 https://www.bluesdawn.top 检测完成，站点包含 travellings 字段，状态已更新为 RUN
[2023-09-16 17:50:04] 站点 https://blog.cyfan.top 检测完成，站点包含 travellings 字段，状态已更新为 RUN
[2023-09-16 17:50:04] 站点 https://blog.luzy.top 检测完成，站点包含 travellings 字段，状态已更新为 RUN
[2023-09-16 17:50:07] 站点 https://senorui.top 检测完成，站点包含 travellings 字段，状态已更新为 RUN
[2023-09-16 17:50:08] 站点 https://zhenwu99.gitee.io 检测完成，站点包含 travellings 字段，状态已更新为 RUN
[2023-09-16 17:50:10] 站点 https://moyude.ren 检测完成，请求出错，状态已更新为 ERROR
[2023-09-16 17:50:10] 站点 https://blog.yunshu.site 检测完成，站点包含 travellings 字段，状态已更新为 RUN
[2023-09-16 17:50:10] 站点 https://www.boolo.top 检测完成，请求出错，状态已更新为 ERROR
[2023-09-16 17:50:10] 站点 https://blog.histcat.top 检测完成，站点包含 travellings 字段，状态已更新为 RUN
[2023-09-16 17:50:11] 站点 https://fang.blog.miri.site 检测完成，站点包含 travellings 字段，状态已更新为 RUN
[2023-09-16 17:50:12] 站点 https://blog.devyi.com 检测完成，请求出错，状态已更新为 ERROR
[2023-09-16 17:50:13] 站点 https://lib.lanbin.top 检测完成，站点包含 travellings 字段，状态已更新为 RUN
[2023-09-16 17:50:17] 站点 https://moshanghua.net 检测完成，站点包含 travellings 字段，状态已更新为 RUN
[2023-09-16 17:50:17] 站点 https://blog.imyan.ren 检测完成，站点包含 travellings 字段，状态已更新为 RUN
[2023-09-16 17:50:17] 站点 https://blog.jiehua1995.xyz 检测完成，请求出错，状态已更新为 ERROR
[2023-09-16 17:50:17] 站点 https://www.deepwave.top 检测完成，请求出错，状态已更新为 ERROR
[2023-09-16 17:50:18] 站点 https://www.lipk.org 检测完成，站点包含 travellings 字段，状态已更新为 RUN
[2023-09-16 17:50:19] 站点 https://www.yunyoujun.cn 检测完成，站点包含 travellings 字段，状态已更新为 RUN
[2023-09-16 17:50:19] 站点 https://musenxi.com 检测完成，站点包含 travellings 字段，状态已更新为 RUN
[2023-09-16 17:50:21] 站点 https://blog.luvying.com 检测完成，站点包含 travellings 字段，状态已更新为 RUN
[2023-09-16 17:50:21] 站点 https://www.addesp.com 检测完成，站点包含 travellings 字段，状态已更新为 RUN
[2023-09-16 17:50:22] 站点 https://blog.fkun.tech 检测完成，站点包含 travellings 字段，状态已更新为 RUN
[2023-09-16 17:50:23] 站点 https://blog.chrxw.com 检测完成，站点包含 travellings 字段，状态已更新为 RUN
[2023-09-16 17:50:23] 站点 https://www.tabirstrees.top 检测完成，站点包含 travellings 字段，状态已更新为 RUN
[2023-09-16 17:50:25] 站点 https://www.volf.club 检测完成，站点包含 travellings 字段，状态已更新为 RUN
[2023-09-16 17:50:28] 站点 https://rhythmlian.cn 检测完成，站点包含 travellings 字段，状态已更新为 RUN
[2023-09-16 17:50:28] 站点 https://xiaokang.me 检测完成，站点包含 travellings 字段，状态已更新为 RUN
[2023-09-16 17:50:29] 站点 https://wangdabao.js.cool 检测完成，站点包含 travellings 字段，状态已更新为 RUN
[2023-09-16 17:50:30] 站点 https://blog.thiefship.com 检测完成，站点包含 travellings 字段，状态已更新为 RUN
[2023-09-16 17:50:35] 站点 https://blog.tomys.top 检测完成，站点包含 travellings 字段，状态已更新为 RUN
[2023-09-16 17:50:37] 站点 https://www.tdrme.cn 检测完成，站点包含 travellings 字段，状态已更新为 RUN
[2023-09-16 17:50:38] 站点 https://www.detechn.com 检测完成，站点包含 travellings 字段，状态已更新为 RUN
[2023-09-16 17:50:39] 站点 https://colsrch.cn 检测完成，站点包含 travellings 字段，状态已更新为 RUN
[2023-09-16 17:50:40] 站点 https://www.summerpond.cn 检测完成，站点包含 travellings 字段，状态已更新为 RUN
[2023-09-16 17:50:42] 站点 https://huiris.com 检测完成，站点包含 travellings 字段，状态已更新为 RUN
[2023-09-16 17:50:42] 站点 https://fushaolei.github.io 检测完成，站点包含 travellings 字段，状态已更新为 RUN
[2023-09-16 17:50:42] 站点 https://www.mbrjun.cn 检测完成，站点包含 travellings 字段，状态已更新为 RUN
[2023-09-16 17:50:43] 站点 https://azusemisa.top 检测完成，站点包含 travellings 字段，状态已更新为 RUN
[2023-09-16 17:50:46] 站点 https://handsonic.top 检测完成，站点包含 travellings 字段，状态已更新为 RUN
[2023-09-16 17:50:47] 站点 https://yf-ch.com 检测完成，站点包含 travellings 字段，状态已更新为 RUN
[2023-09-16 17:50:48] 站点 https://vinking.top 检测完成，站点包含 travellings 字段，状态已更新为 RUN
[2023-09-16 17:50:48] 站点 https://www.feidaoboke.com 检测完成，站点包含 travellings 字段，状态已更新为 RUN
[2023-09-16 17:50:49] 站点 https://ishya.top 检测完成，站点包含 travellings 字段，状态已更新为 RUN
[2023-09-16 17:50:50] 站点 https://www.overme.cn 检测完成，站点包含 travellings 字段，状态已更新为 RUN
[2023-09-16 17:50:51] 站点 https://jianchengwang.info 检测完成，请求出错，状态已更新为 ERROR
[2023-09-16 17:50:52] 站点 https://ilovey.live 检测完成，站点包含 travellings 字段，状态已更新为 RUN
[2023-09-16 17:50:56] 站点 https://www.yilantingfeng.site 检测完成，站点包含 travellings 字段，状态已更新为 RUN
[2023-09-16 17:50:56] 站点 https://blog.nekomoyi.com 检测完成，请求返回 403 状态码，状态已更新为 403
[2023-09-16 17:50:57] 站点 https://www.yidiankuaile.com 检测完成，站点包含 travellings 字段，状态已更新为 RUN
[2023-09-16 17:50:57] 站点 https://fiammanda.github.io 检测完成，站点包含 travellings 字段，状态已更新为 RUN
[2023-09-16 17:50:58] 站点 https://www.libertystore.one 检测完成，站点包含 travellings 字段，状态已更新为 RUN
[2023-09-16 17:50:59] 站点 https://blog.cpen.top 检测完成，站点包含 travellings 字段，状态已更新为 RUN
[2023-09-16 17:51:00] 站点 https://iamazing.cn 检测完成，站点包含 travellings 字段，状态已更新为 RUN
[2023-09-16 17:51:01] 站点 https://blog.fivezha.cn 检测完成，站点包含 travellings 字段，状态已更新为 RUN
[2023-09-16 17:51:02] 站点 https://www.xiangshu233.cn 检测完成，站点包含 travellings 字段，状态已更新为 RUN
[2023-09-16 17:51:04] 站点 https://blog.lihaojin.cn 检测完成，站点包含 travellings 字段，状态已更新为 RUN
[2023-09-16 17:51:06] 站点 https://blog.angustar.com 检测完成，站点包含 travellings 字段，状态已更新为 RUN
[2023-09-16 17:51:06] 站点 https://hongcyu.cn 检测完成，请求返回 403 状态码，状态已更新为 403
[2023-09-16 17:51:06] 站点 https://zisu.dev 检测完成，站点不包含 travellings 字段，状态已更新为 LOST
[2023-09-16 17:51:06] 站点 https://blog.revincx.icu 检测完成，站点包含 travellings 字段，状态已更新为 RUN
[2023-09-16 17:51:07] 站点 https://www.cayzlh.com 检测完成，站点包含 travellings 字段，状态已更新为 RUN
[2023-09-16 17:51:07] 站点 https://imszz.com 检测完成，站点包含 travellings 字段，状态已更新为 RUN
[2023-09-16 17:51:08] 站点 https://blog.badapple.pro 检测完成，站点不包含 travellings 字段，状态已更新为 LOST
[2023-09-16 17:51:10] 站点 https://blog.culi.eu.org 检测完成，站点包含 travellings 字段，状态已更新为 RUN
[2023-09-16 17:51:10] 站点 https://luosw.fun 检测完成，站点不包含 travellings 字段，状态已更新为 LOST
[2023-09-16 17:51:12] 站点 https://www.liuzhimin.vip 检测完成，站点包含 travellings 字段，状态已更新为 RUN
[2023-09-16 17:51:13] 站点 https://cry33.com 检测完成，站点不包含 travellings 字段，状态已更新为 LOST
[2023-09-16 17:51:14] 站点 https://blog.sky390.cn 检测完成，站点包含 travellings 字段，状态已更新为 RUN
[2023-09-16 17:51:16] 站点 https://www.ariels.xyz 检测完成，站点包含 travellings 字段，状态已更新为 RUN
[2023-09-16 17:51:19] 站点 https://hilzl.cn 检测完成，站点包含 travellings 字段，状态已更新为 RUN
[2023-09-16 17:51:20] 站点 https://imcys.com 检测完成，站点包含 travellings 字段，状态已更新为 RUN
[2023-09-16 17:51:20] 站点 https://weidows.github.io 检测完成，站点包含 travellings 字段，状态已更新为 RUN
[2023-09-16 17:51:23] 站点 https://yzyyz.top 检测完成，站点包含 travellings 字段，状态已更新为 RUN
[2023-09-16 17:51:24] 站点 https://blog.garryde.com 检测完成，站点包含 travellings 字段，状态已更新为 RUN
[2023-09-16 17:51:24] 站点 https://qikaile.tk 检测完成，站点包含 travellings 字段，状态已更新为 RUN
[2023-09-16 17:51:25] 站点 https://666wxy666.github.io 检测完成，站点包含 travellings 字段，状态已更新为 RUN
[2023-09-16 17:51:25] 站点 https://err0r.top 检测完成，站点包含 travellings 字段，状态已更新为 RUN
[2023-09-16 17:51:26] 站点 https://blog.wangtwothree.com 检测完成，站点包含 travellings 字段，状态已更新为 RUN
[2023-09-16 17:51:26] 站点 https://blog.7wate.com 检测完成，站点包含 travellings 字段，状态已更新为 RUN
[2023-09-16 17:51:26] 站点 https://lib.sci-adv.cc 检测完成，站点包含 travellings 字段，状态已更新为 RUN
[2023-09-16 17:51:48] 站点 https://blog.fwder.cn 检测完成，请求出错，状态已更新为 ERROR
[2023-09-16 17:51:49] 站点 https://blog.moeworld.tech 检测完成，站点包含 travellings 字段，状态已更新为 RUN
[2023-09-16 17:51:49] 站点 https://beelake.github.io 检测完成，站点包含 travellings 字段，状态已更新为 RUN
[2023-09-16 17:51:49] 站点 https://blog.ljcbaby.top 检测完成，站点包含 travellings 字段，状态已更新为 RUN
[2023-09-16 17:51:51] 站点 https://foolishfox.cn 检测完成，站点包含 travellings 字段，状态已更新为 RUN
[2023-09-16 17:51:52] 站点 https://www.miaoer.xyz 检测完成，站点包含 travellings 字段，状态已更新为 RUN
[2023-09-16 17:51:52] 站点 https://icodeq.com 检测完成，站点包含 travellings 字段，状态已更新为 RUN
[2023-09-16 17:52:13] 站点 https://kouki.ltd 检测完成，请求出错，状态已更新为 ERROR
[2023-09-16 17:52:13] 站点 https://rosmontis.com 检测完成，请求返回 403 状态码，状态已更新为 403
[2023-09-16 17:52:14] 站点 https://ll.sc.cn 检测完成，站点包含 travellings 字段，状态已更新为 RUN
[2023-09-16 17:52:15] 站点 https://www.wanghanyue.com 检测完成，站点包含 travellings 字段，状态已更新为 RUN
[2023-09-16 17:52:16] 站点 https://www.liaochenlanruo.fun 检测完成，站点包含 travellings 字段，状态已更新为 RUN
[2023-09-16 17:52:17] 站点 https://blog.sukiu.top 检测完成，站点包含 travellings 字段，状态已更新为 RUN
[2023-09-16 17:52:19] 站点 https://www.sccens.net 检测完成，站点包含 travellings 字段，状态已更新为 RUN
[2023-09-16 17:52:20] 站点 https://blog.dylanwu.space 检测完成，站点包含 travellings 字段，状态已更新为 RUN
[2023-09-16 17:52:20] 站点 https://zelihole.github.io/ 检测完成，站点包含 travellings 字段，状态已更新为 RUN
[2023-09-16 17:52:20] 站点 https://ikii.net 检测完成，请求出错，状态已更新为 ERROR
[2023-09-16 17:52:21] 站点 https://www.imcao.cn 检测完成，站点包含 travellings 字段，状态已更新为 RUN
[2023-09-16 17:52:22] 站点 https://zhuye.sangxuesheng.com 检测完成，请求出错，状态已更新为 ERROR
[2023-09-16 17:52:22] 站点 https://www.shutiaoya.com 检测完成，请求出错，状态已更新为 ERROR
[2023-09-16 17:52:23] 站点 https://l3zc.com/ 检测完成，站点包含 travellings 字段，状态已更新为 RUN
[2023-09-16 17:52:24] 站点 https://liu527.gitee.io 检测完成，站点包含 travellings 字段，状态已更新为 RUN
[2023-09-16 17:52:26] 站点 https://www.zouht.com 检测完成，站点包含 travellings 字段，状态已更新为 RUN
[2023-09-16 17:52:27] 站点 https://www.shuiao.top 检测完成，站点包含 travellings 字段，状态已更新为 RUN
[2023-09-16 17:52:29] 站点 https://syjun.vip 检测完成，站点包含 travellings 字段，状态已更新为 RUN
[2023-09-16 17:52:30] 站点 https://www.rsnocsi.cn 检测完成，站点包含 travellings 字段，状态已更新为 RUN
[2023-09-16 17:52:30] 站点 https://linzeyin.github.io 检测完成，站点包含 travellings 字段，状态已更新为 RUN
[2023-09-16 17:52:31] 站点 https://blog.northwoolf.top 检测完成，站点不包含 travellings 字段，状态已更新为 LOST
[2023-09-16 17:52:31] 站点 https://blog.xecades.xyz 检测完成，站点包含 travellings 字段，状态已更新为 RUN
[2023-09-16 17:52:33] 站点 https://bangkaixin.com 检测完成，站点包含 travellings 字段，状态已更新为 RUN
[2023-09-16 17:52:34] 站点 https://www.limina.top 检测完成，站点不包含 travellings 字段，状态已更新为 LOST
[2023-09-16 17:52:36] 站点 https://www.debuginn.cn 检测完成，站点包含 travellings 字段，状态已更新为 RUN
[2023-09-16 17:52:36] 站点 https://www.xiwangly.top 检测完成，站点包含 travellings 字段，状态已更新为 RUN
[2023-09-16 17:52:38] 站点 https://blog.itsse.cn 检测完成，站点包含 travellings 字段，状态已更新为 RUN
[2023-09-16 17:52:39] 站点 https://blog.amoswu.cn 检测完成，请求出错，状态已更新为 ERROR
[2023-09-16 17:52:39] 站点 https://eritque-arcus.tech 检测完成，站点包含 travellings 字段，状态已更新为 RUN
[2023-09-16 17:52:41] 站点 https://blog.imzy.ink 检测完成，请求返回 500 状态码，状态已更新为 500
[2023-09-16 17:52:41] 站点 https://lab.imgb.space/ 检测完成，站点包含 travellings 字段，状态已更新为 RUN
[2023-09-16 17:52:42] 站点 https://blog.diz7.com 检测完成，站点包含 travellings 字段，状态已更新为 RUN
[2023-09-16 17:52:43] 站点 https://www.kirito41dd.cn 检测完成，站点包含 travellings 字段，状态已更新为 RUN
[2023-09-16 17:52:43] 站点 https://hin.cool 检测完成，站点包含 travellings 字段，状态已更新为 RUN
[2023-09-16 17:52:44] 站点 https://loliloli.moe 检测完成，站点包含 travellings 字段，状态已更新为 RUN
[2023-09-16 17:52:45] 站点 https://misakamoe.com 检测完成，站点包含 travellings 字段，状态已更新为 RUN
[2023-09-16 17:52:45] 站点 https://muspace.top 检测完成，站点包含 travellings 字段，状态已更新为 RUN
[2023-09-16 17:52:47] 站点 https://magma.ink 检测完成，站点包含 travellings 字段，状态已更新为 RUN
[2023-09-16 17:52:48] 站点 https://www.hzq.life 检测完成，站点包含 travellings 字段，状态已更新为 RUN
[2023-09-16 17:52:48] 站点 https://blog.southfox.me 检测完成，站点包含 travellings 字段，状态已更新为 RUN
[2023-09-16 17:52:48] 站点 https://uyoahz.cn 检测完成，站点包含 travellings 字段，状态已更新为 RUN
[2023-09-16 17:52:49] 站点 https://ghostsf.com 检测完成，站点包含 travellings 字段，状态已更新为 RUN
[2023-09-16 17:52:50] 站点 https://imfurry.com 检测完成，站点包含 travellings 字段，状态已更新为 RUN
[2023-09-16 17:52:51] 站点 https://hacbox.me 检测完成，站点包含 travellings 字段，状态已更新为 RUN
[2023-09-16 17:52:52] 站点 https://www.amazingk.cn 检测完成，站点包含 travellings 字段，状态已更新为 RUN
[2023-09-16 17:52:53] 站点 https://www.panshenlian.com 检测完成，站点不包含 travellings 字段，状态已更新为 LOST
[2023-09-16 17:52:53] 站点 https://www.cubik65536.top 检测完成，站点包含 travellings 字段，状态已更新为 RUN
[2023-09-16 17:52:55] 站点 https://blog.qaiu.top 检测完成，站点包含 travellings 字段，状态已更新为 RUN
[2023-09-16 17:53:00] 站点 https://nicejf.cn 检测完成，站点包含 travellings 字段，状态已更新为 RUN
[2023-09-16 17:53:00] 站点 https://wrans.top 检测完成，站点包含 travellings 字段，状态已更新为 RUN
[2023-09-16 17:53:05] 站点 https://rssblog.cn 检测完成，站点包含 travellings 字段，状态已更新为 RUN
[2023-09-16 17:53:08] 站点 https://blog.gztime.cc 检测完成，站点包含 travellings 字段，状态已更新为 RUN
[2023-09-16 17:53:09] 站点 https://www.elliot98.top 检测完成，站点包含 travellings 字段，状态已更新为 RUN
[2023-09-16 17:53:09] 站点 https://blog.luyaoguagua.top 检测完成，站点不包含 travellings 字段，状态已更新为 LOST
[2023-09-16 17:53:10] 站点 https://blog.iqia.top 检测完成，请求出错，状态已更新为 ERROR
[2023-09-16 17:53:11] 站点 https://blog.coolchong.cn 检测完成，请求出错，状态已更新为 ERROR
[2023-09-16 17:53:11] 站点 https://www.cxl2020mc.top 检测完成，站点包含 travellings 字段，状态已更新为 RUN
[2023-09-16 17:53:11] 站点 https://bkryofu.xyz 检测完成，站点包含 travellings 字段，状态已更新为 RUN
[2023-09-16 17:53:12] 站点 https://lewky.cn 检测完成，站点包含 travellings 字段，状态已更新为 RUN
[2023-09-16 17:53:13] 站点 https://ihkk.net 检测完成，站点包含 travellings 字段，状态已更新为 RUN
[2023-09-16 17:53:14] 站点 https://www.996workers.icu 检测完成，站点包含 travellings 字段，状态已更新为 RUN
[2023-09-16 17:53:14] 站点 https://ldo.one 检测完成，站点包含 travellings 字段，状态已更新为 RUN
[2023-09-16 17:53:14] 站点 https://scottyeung.top 检测完成，站点包含 travellings 字段，状态已更新为 RUN
[2023-09-16 17:53:35] 站点 https://shuxhan.com 检测完成，请求出错，状态已更新为 ERROR
[2023-09-16 17:53:36] 站点 https://jokerdig.com 检测完成，站点包含 travellings 字段，状态已更新为 RUN
[2023-09-16 17:53:37] 站点 https://www.morcat.cn 检测完成，站点包含 travellings 字段，状态已更新为 RUN
[2023-09-16 17:53:38] 站点 https://katcloud.cn 检测完成，站点包含 travellings 字段，状态已更新为 RUN
[2023-09-16 17:53:39] 站点 https://www.thyuu.com 检测完成，站点包含 travellings 字段，状态已更新为 RUN
[2023-09-16 17:53:42] 站点 https://blog.jjdxb.top 检测完成，站点包含 travellings 字段，状态已更新为 RUN
[2023-09-16 17:53:42] 站点 https://blog.y7n05h.dev 检测完成，站点包含 travellings 字段，状态已更新为 RUN
[2023-09-16 17:53:44] 站点 https://www.chenmx.net 检测完成，站点包含 travellings 字段，状态已更新为 RUN
[2023-09-16 17:53:45] 站点 https://www.cbxg.icu 检测完成，站点包含 travellings 字段，状态已更新为 RUN
[2023-09-16 17:53:49] 站点 https://wiki.eryajf.net 检测完成，站点包含 travellings 字段，状态已更新为 RUN
[2023-09-16 17:53:50] 站点 https://totoro.site 检测完成，站点包含 travellings 字段，状态已更新为 RUN
[2023-09-16 17:53:51] 站点 https://blog.hzchu.top 检测完成，站点包含 travellings 字段，状态已更新为 RUN
[2023-09-16 17:53:53] 站点 https://www.luodeb.top 检测完成，站点包含 travellings 字段，状态已更新为 RUN
[2023-09-16 17:53:54] 站点 https://kqh.me 检测完成，站点包含 travellings 字段，状态已更新为 RUN
[2023-09-16 17:53:56] 站点 https://cairbin.top 检测完成，站点包含 travellings 字段，状态已更新为 RUN
[2023-09-16 17:53:57] 站点 https://heroxin.xyz 检测完成，站点包含 travellings 字段，状态已更新为 RUN
[2023-09-16 17:53:58] 站点 https://hu86.cc 检测完成，站点包含 travellings 字段，状态已更新为 RUN
[2023-09-16 17:53:59] 站点 https://blog.jaspirit.cc 检测完成，站点包含 travellings 字段，状态已更新为 RUN
[2023-09-16 17:54:00] 站点 https://kenshin2438.top 检测完成，站点包含 travellings 字段，状态已更新为 RUN
[2023-09-16 17:54:01] 站点 https://www.tonyyin.top 检测完成，站点包含 travellings 字段，状态已更新为 RUN
[2023-09-16 17:54:02] 站点 https://blog.lxscloud.top 检测完成，站点包含 travellings 字段，状态已更新为 RUN
[2023-09-16 17:54:05] 站点 https://www.owwee.cn 检测完成，站点包含 travellings 字段，状态已更新为 RUN
[2023-09-16 17:54:06] 站点 https://chenhe.me 检测完成，站点包含 travellings 字段，状态已更新为 RUN
[2023-09-16 17:54:06] 站点 https://blog.skihome.xyz 检测完成，站点包含 travellings 字段，状态已更新为 RUN
[2023-09-16 17:54:09] 站点 https://www.yumus.cn 检测完成，站点包含 travellings 字段，状态已更新为 RUN
[2023-09-16 17:54:10] 站点 https://www.bio-w.cn 检测完成，请求返回 521 状态码，状态已更新为 521
[2023-09-16 17:54:11] 站点 https://longtao.fun 检测完成，站点包含 travellings 字段，状态已更新为 RUN
[2023-09-16 17:54:12] 站点 https://blog.dlya.top 检测完成，站点包含 travellings 字段，状态已更新为 RUN
[2023-09-16 17:54:12] 站点 https://blog.moe233.net 检测完成，站点包含 travellings 字段，状态已更新为 RUN
[2023-09-16 17:54:14] 站点 https://www.throwx.cn 检测完成，站点包含 travellings 字段，状态已更新为 RUN
[2023-09-16 17:54:16] 站点 https://kk.hackerjk.top 检测完成，站点包含 travellings 字段，状态已更新为 RUN
[2023-09-16 17:54:37] 站点 https://chuxjian.asia 检测完成，请求出错，状态已更新为 ERROR
[2023-09-16 17:54:38] 站点 https://www.ohyee.cc 检测完成，站点包含 travellings 字段，状态已更新为 RUN
[2023-09-16 17:54:40] 站点 https://szx.life 检测完成，请求返回 514 状态码，状态已更新为 514
[2023-09-16 17:54:40] 站点 https://lifeni.life 检测完成，站点包含 travellings 字段，状态已更新为 RUN
[2023-09-16 17:54:41] 站点 https://pzwd.net 检测完成，站点包含 travellings 字段，状态已更新为 RUN
[2023-09-16 17:54:41] 站点 https://bntx.ml 检测完成，请求出错，状态已更新为 ERROR
[2023-09-16 17:54:42] 站点 https://www.utopiaxc.cn 检测完成，站点包含 travellings 字段，状态已更新为 RUN
