[2023-09-16 17:54:52] 站点 https://blog.sondy.top 检测完成，包含所需字段，状态已更新为 RUN
[2023-09-16 17:54:53] 站点 https://sonic.volf.club 检测完成，包含所需字段，状态已更新为 RUN
[2023-09-16 17:54:54] 站点 https://yltang.cn 检测完成，包含所需字段，状态已更新为 RUN
[2023-09-16 17:54:55] 站点 https://takuron.top 检测完成，包含所需字段，状态已更新为 RUN
[2023-09-16 17:54:55] 站点 https://www.yamdr.cn 检测完成，包含所需字段，状态已更新为 RUN
[2023-09-16 17:54:57] 站点 https://fx7.top 检测完成，包含所需字段，状态已更新为 RUN
[2023-09-16 17:54:58] 站点 https://blog.uniartisan.com 检测完成，包含所需字段，状态已更新为 RUN
[2023-09-16 17:54:58] 站点 https://jinqimu.github.io 检测完成，包含所需字段，状态已更新为 RUN
[2023-09-16 17:54:58] 站点 https://www.ganto.cn 检测完成，不包含所需字段，状态已更新为 LOST
[2023-09-16 17:54:58] 站点 https://www.zhengqiao.wang 检测完成，包含所需字段，状态已更新为 RUN
[2023-09-16 17:55:01] 站点 https://xiamoqwq.com 检测完成，包含所需字段，状态已更新为 RUN
[2023-09-16 17:55:03] 站点 https://grimoire.cn 检测完成，包含所需字段，状态已更新为 RUN
[2023-09-16 17:55:03] 站点 https://mQAQm.com 检测完成，请求出错，状态已更新为 ERROR
[2023-09-16 17:55:03] 站点 https://www.fzxx.xyz 检测完成，请求返回 403 状态码，状态已更新为 403
[2023-09-16 17:55:06] 站点 https://blog.zeruns.tech 检测完成，包含所需字段，状态已更新为 RUN
[2023-09-16 17:55:06] 站点 https://guqing.xyz 检测完成，包含所需字段，状态已更新为 RUN
[2023-09-16 17:55:08] 站点 https://www.xiyo8.cn 检测完成，包含所需字段，状态已更新为 RUN
[2023-09-16 17:55:16] 站点 https://blog.m78.co 检测完成，包含所需字段，状态已更新为 RUN
[2023-09-16 17:55:16] 站点 https://ionssource.cn 检测完成，包含所需字段，状态已更新为 RUN
[2023-09-16 17:55:19] 站点 https://baka.fun 检测完成，包含所需字段，状态已更新为 RUN
[2023-09-16 17:55:20] 站点 https://www.extlight.com 检测完成，请求出错，状态已更新为 ERROR
[2023-09-16 17:55:21] 站点 https://blog.moej.cn 检测完成，包含所需字段，状态已更新为 RUN
[2023-09-16 17:55:22] 站点 https://blog.mhuig.top 检测完成，包含所需字段，状态已更新为 RUN
[2023-09-16 17:55:22] 站点 https://kissbaofish.cn 检测完成，包含所需字段，状态已更新为 RUN
[2023-09-16 17:55:23] 站点 https://krau.top 检测完成，包含所需字段，状态已更新为 RUN
[2023-09-16 17:55:24] 站点 https://www.timochan.cn 检测完成，包含所需字段，状态已更新为 RUN
[2023-09-16 17:55:25] 站点 https://z555.icu 检测完成，不包含所需字段，状态已更新为 LOST
[2023-09-16 17:55:26] 站点 https://feiliwuyan.com 检测完成，包含所需字段，状态已更新为 RUN
[2023-09-16 17:55:27] 站点 https://blog.ojhdt.com 检测完成，包含所需字段，状态已更新为 RUN
[2023-09-16 17:55:30] 站点 https://www.freejishu.com 检测完成，包含所需字段，状态已更新为 RUN
[2023-09-16 17:55:30] 站点 https://dreamo.ink 检测完成，包含所需字段，状态已更新为 RUN
[2023-09-16 17:55:36] 站点 https://dpii.club 检测完成，包含所需字段，状态已更新为 RUN
[2023-09-16 17:55:37] 站点 https://www.pluvet.com 检测完成，请求出错，状态已更新为 ERROR
[2023-09-16 17:55:38] 站点 https://moechu.cn 检测完成，包含所需字段，状态已更新为 RUN
[2023-09-16 17:55:38] 站点 https://www.zqcnc.cn 检测完成，包含所需字段，状态已更新为 RUN
[2023-09-16 17:55:39] 站点 https://blog.mrzefr.cn 检测完成，包含所需字段，状态已更新为 RUN
[2023-09-16 17:55:40] 站点 https://wznmickey.com 检测完成，包含所需字段，状态已更新为 RUN
[2023-09-16 17:55:41] 站点 https://blog.pai233.top 检测完成，请求返回 404 状态码，状态已更新为 404
[2023-09-16 17:55:41] 站点 https://blog.6yfz.cn 检测完成，包含所需字段，状态已更新为 RUN
[2023-09-16 17:55:44] 站点 https://lyp.ink 检测完成，包含所需字段，状态已更新为 RUN
[2023-09-16 17:55:48] 站点 https://jimmyqin.cn 检测完成，包含所需字段，状态已更新为 RUN
[2023-09-16 17:55:49] 站点 https://wangpl.top 检测完成，请求出错，状态已更新为 ERROR
[2023-09-16 17:55:52] 站点 https://abaa.cc 检测完成，包含所需字段，状态已更新为 RUN
[2023-09-16 17:55:53] 站点 https://www.y2jq.com 检测完成，不包含所需字段，状态已更新为 LOST
[2023-09-16 17:55:54] 站点 https://moey.cn 检测完成，包含所需字段，状态已更新为 RUN
[2023-09-16 17:55:54] 站点 https://neutrino7.top 检测完成，包含所需字段，状态已更新为 RUN
[2023-09-16 17:55:55] 站点 https://histonevon.top 检测完成，包含所需字段，状态已更新为 RUN
[2023-09-16 17:55:55] 站点 https://nekox.cn 检测完成，请求出错，状态已更新为 ERROR
[2023-09-16 17:55:55] 站点 https://www.zk1220.com 检测完成，请求返回 404 状态码，状态已更新为 404
[2023-09-16 17:55:55] 站点 https://blog.butanediol.me 检测完成，包含所需字段，状态已更新为 RUN
[2023-09-16 17:55:56] 站点 https://www.chirmyram.top 检测完成，包含所需字段，状态已更新为 RUN
[2023-09-16 17:55:56] 站点 https://www.acg19.top 检测完成，不包含所需字段，状态已更新为 LOST
[2023-09-16 17:55:56] 站点 https://youdef.com 检测完成，包含所需字段，状态已更新为 RUN
[2023-09-16 17:55:57] 站点 https://www.paddylin.top 检测完成，不包含所需字段，状态已更新为 LOST
[2023-09-16 17:55:57] 站点 https://iktao.cn 检测完成，请求出错，状态已更新为 ERROR
[2023-09-16 17:55:57] 站点 https://dusays.com 检测完成，包含所需字段，状态已更新为 RUN
[2023-09-16 17:55:57] 站点 https://blog.ban.moe 检测完成，包含所需字段，状态已更新为 RUN
[2023-09-16 17:55:58] 站点 https://shoka.lostyu.me 检测完成，不包含所需字段，状态已更新为 LOST
[2023-09-16 17:55:58] 站点 https://www.mrskye.cn 检测完成，包含所需字段，状态已更新为 RUN
[2023-09-16 17:55:59] 站点 https://zigzagk.top 检测完成，包含所需字段，状态已更新为 RUN
[2023-09-16 17:56:01] 站点 https://jsongx.com 检测完成，包含所需字段，状态已更新为 RUN
[2023-09-16 17:56:02] 站点 https://www.cnblogs.com/borber 检测完成，包含所需字段，状态已更新为 RUN
[2023-09-16 17:56:02] 站点 https://realmicah.xyz 检测完成，请求返回 502 状态码，状态已更新为 502
[2023-09-16 17:56:04] 站点 https://xd.sh.cn 检测完成，包含所需字段，状态已更新为 RUN
[2023-09-16 17:56:04] 站点 https://www.n-bc.top 检测完成，包含所需字段，状态已更新为 RUN
[2023-09-16 17:56:04] 站点 https://blog.limecho.net 检测完成，请求返回 526 状态码，状态已更新为 526
[2023-09-16 17:56:05] 站点 https://blog.pppane.com 检测完成，包含所需字段，状态已更新为 RUN
[2023-09-16 17:56:06] 站点 https://xianyum.cn 检测完成，请求出错，状态已更新为 ERROR
[2023-09-16 17:56:06] 站点 https://www.codinglink.tech 检测完成，包含所需字段，状态已更新为 RUN
[2023-09-16 17:56:06] 站点 https://www.bluesdawn.top 检测完成，包含所需字段，状态已更新为 RUN
[2023-09-16 17:56:06] 站点 https://blog.cyfan.top 检测完成，包含所需字段，状态已更新为 RUN
[2023-09-16 17:56:06] 站点 https://blog.luzy.top 检测完成，包含所需字段，状态已更新为 RUN
[2023-09-16 17:56:09] 站点 https://senorui.top 检测完成，包含所需字段，状态已更新为 RUN
[2023-09-16 17:56:10] 站点 https://zhenwu99.gitee.io 检测完成，包含所需字段，状态已更新为 RUN
[2023-09-16 17:56:12] 站点 https://moyude.ren 检测完成，请求出错，状态已更新为 ERROR
[2023-09-16 17:56:12] 站点 https://blog.yunshu.site 检测完成，包含所需字段，状态已更新为 RUN
[2023-09-16 17:56:12] 站点 https://www.boolo.top 检测完成，请求出错，状态已更新为 ERROR
[2023-09-16 17:56:13] 站点 https://blog.histcat.top 检测完成，包含所需字段，状态已更新为 RUN
[2023-09-16 17:56:14] 站点 https://fang.blog.miri.site 检测完成，包含所需字段，状态已更新为 RUN
[2023-09-16 17:56:15] 站点 https://blog.devyi.com 检测完成，请求出错，状态已更新为 ERROR
[2023-09-16 17:56:16] 站点 https://lib.lanbin.top 检测完成，包含所需字段，状态已更新为 RUN
[2023-09-16 17:56:19] 站点 https://moshanghua.net 检测完成，包含所需字段，状态已更新为 RUN
[2023-09-16 17:56:19] 站点 https://blog.imyan.ren 检测完成，包含所需字段，状态已更新为 RUN
[2023-09-16 17:56:20] 站点 https://blog.jiehua1995.xyz 检测完成，请求出错，状态已更新为 ERROR
[2023-09-16 17:56:20] 站点 https://www.deepwave.top 检测完成，请求出错，状态已更新为 ERROR
[2023-09-16 17:56:21] 站点 https://www.lipk.org 检测完成，包含所需字段，状态已更新为 RUN
[2023-09-16 17:56:21] 站点 https://www.yunyoujun.cn 检测完成，包含所需字段，状态已更新为 RUN
[2023-09-16 17:56:22] 站点 https://musenxi.com 检测完成，包含所需字段，状态已更新为 RUN
[2023-09-16 17:56:23] 站点 https://blog.luvying.com 检测完成，包含所需字段，状态已更新为 RUN
[2023-09-16 17:56:24] 站点 https://www.addesp.com 检测完成，包含所需字段，状态已更新为 RUN
[2023-09-16 17:56:25] 站点 https://blog.fkun.tech 检测完成，包含所需字段，状态已更新为 RUN
[2023-09-16 17:56:25] 站点 https://blog.chrxw.com 检测完成，包含所需字段，状态已更新为 RUN
[2023-09-16 17:56:26] 站点 https://www.tabirstrees.top 检测完成，包含所需字段，状态已更新为 RUN
[2023-09-16 17:56:27] 站点 https://www.volf.club 检测完成，包含所需字段，状态已更新为 RUN
[2023-09-16 17:56:29] 站点 https://rhythmlian.cn 检测完成，包含所需字段，状态已更新为 RUN
[2023-09-16 17:56:29] 站点 https://xiaokang.me 检测完成，包含所需字段，状态已更新为 RUN
[2023-09-16 17:56:29] 站点 https://wangdabao.js.cool 检测完成，包含所需字段，状态已更新为 RUN
[2023-09-16 17:56:30] 站点 https://blog.thiefship.com 检测完成，包含所需字段，状态已更新为 RUN
[2023-09-16 17:56:33] 站点 https://blog.tomys.top 检测完成，包含所需字段，状态已更新为 RUN
[2023-09-16 17:56:34] 站点 https://www.tdrme.cn 检测完成，包含所需字段，状态已更新为 RUN
[2023-09-16 17:56:35] 站点 https://www.detechn.com 检测完成，包含所需字段，状态已更新为 RUN
[2023-09-16 17:56:36] 站点 https://colsrch.cn 检测完成，包含所需字段，状态已更新为 RUN
[2023-09-16 17:56:36] 站点 https://www.summerpond.cn 检测完成，包含所需字段，状态已更新为 RUN
[2023-09-16 17:56:38] 站点 https://huiris.com 检测完成，包含所需字段，状态已更新为 RUN
[2023-09-16 17:56:38] 站点 https://fushaolei.github.io 检测完成，包含所需字段，状态已更新为 RUN
[2023-09-16 17:56:38] 站点 https://www.mbrjun.cn 检测完成，包含所需字段，状态已更新为 RUN
[2023-09-16 17:56:38] 站点 https://azusemisa.top 检测完成，包含所需字段，状态已更新为 RUN
[2023-09-16 17:56:39] 站点 https://handsonic.top 检测完成，包含所需字段，状态已更新为 RUN
[2023-09-16 17:56:40] 站点 https://yf-ch.com 检测完成，包含所需字段，状态已更新为 RUN
[2023-09-16 17:56:40] 站点 https://vinking.top 检测完成，包含所需字段，状态已更新为 RUN
[2023-09-16 17:56:41] 站点 https://www.feidaoboke.com 检测完成，包含所需字段，状态已更新为 RUN
[2023-09-16 17:56:42] 站点 https://ishya.top 检测完成，包含所需字段，状态已更新为 RUN
[2023-09-16 17:56:43] 站点 https://www.overme.cn 检测完成，包含所需字段，状态已更新为 RUN
[2023-09-16 17:56:44] 站点 https://jianchengwang.info 检测完成，请求出错，状态已更新为 ERROR
[2023-09-16 17:56:44] 站点 https://ilovey.live 检测完成，包含所需字段，状态已更新为 RUN
[2023-09-16 17:56:49] 站点 https://www.yilantingfeng.site 检测完成，包含所需字段，状态已更新为 RUN
[2023-09-16 17:56:50] 站点 https://blog.nekomoyi.com 检测完成，请求返回 403 状态码，状态已更新为 403
[2023-09-16 17:56:50] 站点 https://www.yidiankuaile.com 检测完成，包含所需字段，状态已更新为 RUN
[2023-09-16 17:56:50] 站点 https://fiammanda.github.io 检测完成，包含所需字段，状态已更新为 RUN
[2023-09-16 17:56:51] 站点 https://www.libertystore.one 检测完成，包含所需字段，状态已更新为 RUN
[2023-09-16 17:56:54] 站点 https://blog.cpen.top 检测完成，包含所需字段，状态已更新为 RUN
[2023-09-16 17:56:55] 站点 https://iamazing.cn 检测完成，包含所需字段，状态已更新为 RUN
[2023-09-16 17:56:55] 站点 https://blog.fivezha.cn 检测完成，包含所需字段，状态已更新为 RUN
[2023-09-16 17:56:56] 站点 https://www.xiangshu233.cn 检测完成，包含所需字段，状态已更新为 RUN
[2023-09-16 17:56:58] 站点 https://blog.lihaojin.cn 检测完成，包含所需字段，状态已更新为 RUN
[2023-09-16 17:56:59] 站点 https://blog.angustar.com 检测完成，包含所需字段，状态已更新为 RUN
[2023-09-16 17:56:59] 站点 https://hongcyu.cn 检测完成，请求返回 403 状态码，状态已更新为 403
[2023-09-16 17:56:59] 站点 https://zisu.dev 检测完成，不包含所需字段，状态已更新为 LOST
[2023-09-16 17:56:59] 站点 https://blog.revincx.icu 检测完成，包含所需字段，状态已更新为 RUN
[2023-09-16 17:56:59] 站点 https://www.cayzlh.com 检测完成，包含所需字段，状态已更新为 RUN
[2023-09-16 17:56:59] 站点 https://imszz.com 检测完成，包含所需字段，状态已更新为 RUN
[2023-09-16 17:56:59] 站点 https://blog.badapple.pro 检测完成，不包含所需字段，状态已更新为 LOST
[2023-09-16 17:57:02] 站点 https://blog.culi.eu.org 检测完成，包含所需字段，状态已更新为 RUN
[2023-09-16 17:57:02] 站点 https://luosw.fun 检测完成，不包含所需字段，状态已更新为 LOST
[2023-09-16 17:57:03] 站点 https://www.liuzhimin.vip 检测完成，包含所需字段，状态已更新为 RUN
[2023-09-16 17:57:04] 站点 https://cry33.com 检测完成，不包含所需字段，状态已更新为 LOST
[2023-09-16 17:57:05] 站点 https://blog.sky390.cn 检测完成，包含所需字段，状态已更新为 RUN
[2023-09-16 17:57:06] 站点 https://www.ariels.xyz 检测完成，包含所需字段，状态已更新为 RUN
[2023-09-16 17:57:09] 站点 https://hilzl.cn 检测完成，包含所需字段，状态已更新为 RUN
[2023-09-16 17:57:10] 站点 https://imcys.com 检测完成，包含所需字段，状态已更新为 RUN
[2023-09-16 17:57:10] 站点 https://weidows.github.io 检测完成，包含所需字段，状态已更新为 RUN
[2023-09-16 17:57:12] 站点 https://yzyyz.top 检测完成，包含所需字段，状态已更新为 RUN
[2023-09-16 17:57:13] 站点 https://blog.garryde.com 检测完成，包含所需字段，状态已更新为 RUN
[2023-09-16 17:57:13] 站点 https://qikaile.tk 检测完成，包含所需字段，状态已更新为 RUN
[2023-09-16 17:57:13] 站点 https://666wxy666.github.io 检测完成，包含所需字段，状态已更新为 RUN
[2023-09-16 17:57:13] 站点 https://err0r.top 检测完成，包含所需字段，状态已更新为 RUN
[2023-09-16 17:57:13] 站点 https://blog.wangtwothree.com 检测完成，包含所需字段，状态已更新为 RUN
[2023-09-16 17:57:13] 站点 https://blog.7wate.com 检测完成，包含所需字段，状态已更新为 RUN
[2023-09-16 17:57:13] 站点 https://lib.sci-adv.cc 检测完成，包含所需字段，状态已更新为 RUN
[2023-09-16 17:57:34] 站点 https://blog.fwder.cn 检测完成，请求出错，状态已更新为 ERROR
[2023-09-16 17:57:35] 站点 https://blog.moeworld.tech 检测完成，包含所需字段，状态已更新为 RUN
[2023-09-16 17:57:35] 站点 https://beelake.github.io 检测完成，包含所需字段，状态已更新为 RUN
[2023-09-16 17:57:36] 站点 https://blog.ljcbaby.top 检测完成，包含所需字段，状态已更新为 RUN
[2023-09-16 17:57:36] 站点 https://foolishfox.cn 检测完成，包含所需字段，状态已更新为 RUN
[2023-09-16 17:57:37] 站点 https://www.miaoer.xyz 检测完成，包含所需字段，状态已更新为 RUN
[2023-09-16 17:57:37] 站点 https://icodeq.com 检测完成，包含所需字段，状态已更新为 RUN
[2023-09-16 17:57:58] 站点 https://kouki.ltd 检测完成，请求出错，状态已更新为 ERROR
[2023-09-16 17:57:58] 站点 https://rosmontis.com 检测完成，请求返回 403 状态码，状态已更新为 403
[2023-09-16 17:57:59] 站点 https://ll.sc.cn 检测完成，包含所需字段，状态已更新为 RUN
[2023-09-16 17:58:01] 站点 https://www.wanghanyue.com 检测完成，包含所需字段，状态已更新为 RUN
[2023-09-16 17:58:01] 站点 https://www.liaochenlanruo.fun 检测完成，包含所需字段，状态已更新为 RUN
[2023-09-16 17:58:02] 站点 https://blog.sukiu.top 检测完成，包含所需字段，状态已更新为 RUN
[2023-09-16 17:58:03] 站点 https://www.sccens.net 检测完成，包含所需字段，状态已更新为 RUN
[2023-09-16 17:58:03] 站点 https://blog.dylanwu.space 检测完成，包含所需字段，状态已更新为 RUN
[2023-09-16 17:58:03] 站点 https://zelihole.github.io/ 检测完成，包含所需字段，状态已更新为 RUN
[2023-09-16 17:58:03] 站点 https://ikii.net 检测完成，请求出错，状态已更新为 ERROR
[2023-09-16 17:58:04] 站点 https://www.imcao.cn 检测完成，包含所需字段，状态已更新为 RUN
[2023-09-16 17:58:04] 站点 https://zhuye.sangxuesheng.com 检测完成，请求出错，状态已更新为 ERROR
[2023-09-16 17:58:05] 站点 https://www.shutiaoya.com 检测完成，请求出错，状态已更新为 ERROR
[2023-09-16 17:58:05] 站点 https://l3zc.com/ 检测完成，包含所需字段，状态已更新为 RUN
[2023-09-16 17:58:06] 站点 https://liu527.gitee.io 检测完成，包含所需字段，状态已更新为 RUN
[2023-09-16 17:58:07] 站点 https://www.zouht.com 检测完成，包含所需字段，状态已更新为 RUN
[2023-09-16 17:58:07] 站点 https://www.shuiao.top 检测完成，包含所需字段，状态已更新为 RUN
[2023-09-16 17:58:09] 站点 https://syjun.vip 检测完成，包含所需字段，状态已更新为 RUN
[2023-09-16 17:58:10] 站点 https://www.rsnocsi.cn 检测完成，包含所需字段，状态已更新为 RUN
[2023-09-16 17:58:10] 站点 https://linzeyin.github.io 检测完成，包含所需字段，状态已更新为 RUN
[2023-09-16 17:58:10] 站点 https://blog.northwoolf.top 检测完成，不包含所需字段，状态已更新为 LOST
[2023-09-16 17:58:10] 站点 https://blog.xecades.xyz 检测完成，包含所需字段，状态已更新为 RUN
[2023-09-16 17:58:12] 站点 https://bangkaixin.com 检测完成，包含所需字段，状态已更新为 RUN
[2023-09-16 17:58:13] 站点 https://www.limina.top 检测完成，不包含所需字段，状态已更新为 LOST
[2023-09-16 17:58:13] 站点 https://www.debuginn.cn 检测完成，包含所需字段，状态已更新为 RUN
[2023-09-16 17:58:14] 站点 https://www.xiwangly.top 检测完成，包含所需字段，状态已更新为 RUN
[2023-09-16 17:58:18] 站点 https://blog.itsse.cn 检测完成，包含所需字段，状态已更新为 RUN
[2023-09-16 17:58:19] 站点 https://blog.amoswu.cn 检测完成，请求出错，状态已更新为 ERROR
[2023-09-16 17:58:19] 站点 https://eritque-arcus.tech 检测完成，包含所需字段，状态已更新为 RUN
[2023-09-16 17:58:21] 站点 https://blog.imzy.ink 检测完成，请求返回 500 状态码，状态已更新为 500
[2023-09-16 17:58:21] 站点 https://lab.imgb.space/ 检测完成，包含所需字段，状态已更新为 RUN
[2023-09-16 17:58:22] 站点 https://blog.diz7.com 检测完成，包含所需字段，状态已更新为 RUN
[2023-09-16 17:58:22] 站点 https://www.kirito41dd.cn 检测完成，包含所需字段，状态已更新为 RUN
[2023-09-16 17:58:22] 站点 https://hin.cool 检测完成，包含所需字段，状态已更新为 RUN
[2023-09-16 17:58:23] 站点 https://loliloli.moe 检测完成，包含所需字段，状态已更新为 RUN
[2023-09-16 17:58:24] 站点 https://misakamoe.com 检测完成，包含所需字段，状态已更新为 RUN
[2023-09-16 17:58:24] 站点 https://muspace.top 检测完成，包含所需字段，状态已更新为 RUN
[2023-09-16 17:58:26] 站点 https://magma.ink 检测完成，包含所需字段，状态已更新为 RUN
[2023-09-16 17:58:26] 站点 https://www.hzq.life 检测完成，包含所需字段，状态已更新为 RUN
[2023-09-16 17:58:26] 站点 https://blog.southfox.me 检测完成，包含所需字段，状态已更新为 RUN
[2023-09-16 17:58:26] 站点 https://uyoahz.cn 检测完成，包含所需字段，状态已更新为 RUN
[2023-09-16 17:58:27] 站点 https://ghostsf.com 检测完成，包含所需字段，状态已更新为 RUN
[2023-09-16 17:58:28] 站点 https://imfurry.com 检测完成，包含所需字段，状态已更新为 RUN
[2023-09-16 17:58:28] 站点 https://hacbox.me 检测完成，包含所需字段，状态已更新为 RUN
[2023-09-16 17:58:29] 站点 https://www.amazingk.cn 检测完成，包含所需字段，状态已更新为 RUN
[2023-09-16 17:58:29] 站点 https://www.panshenlian.com 检测完成，不包含所需字段，状态已更新为 LOST
[2023-09-16 17:58:29] 站点 https://www.cubik65536.top 检测完成，包含所需字段，状态已更新为 RUN
[2023-09-16 17:58:30] 站点 https://blog.qaiu.top 检测完成，包含所需字段，状态已更新为 RUN
[2023-09-16 17:58:36] 站点 https://nicejf.cn 检测完成，包含所需字段，状态已更新为 RUN
[2023-09-16 17:58:36] 站点 https://wrans.top 检测完成，包含所需字段，状态已更新为 RUN
[2023-09-16 17:58:36] 站点 https://rssblog.cn 检测完成，包含所需字段，状态已更新为 RUN
[2023-09-16 17:58:39] 站点 https://blog.gztime.cc 检测完成，包含所需字段，状态已更新为 RUN
[2023-09-16 17:58:40] 站点 https://www.elliot98.top 检测完成，包含所需字段，状态已更新为 RUN
[2023-09-16 17:58:40] 站点 https://blog.luyaoguagua.top 检测完成，不包含所需字段，状态已更新为 LOST
[2023-09-16 17:58:41] 站点 https://blog.iqia.top 检测完成，请求出错，状态已更新为 ERROR
[2023-09-16 17:58:42] 站点 https://blog.coolchong.cn 检测完成，请求出错，状态已更新为 ERROR
[2023-09-16 17:58:42] 站点 https://www.cxl2020mc.top 检测完成，包含所需字段，状态已更新为 RUN
[2023-09-16 17:58:42] 站点 https://bkryofu.xyz 检测完成，包含所需字段，状态已更新为 RUN
[2023-09-16 17:58:42] 站点 https://lewky.cn 检测完成，包含所需字段，状态已更新为 RUN
[2023-09-16 17:58:43] 站点 https://ihkk.net 检测完成，包含所需字段，状态已更新为 RUN
[2023-09-16 17:58:43] 站点 https://www.996workers.icu 检测完成，包含所需字段，状态已更新为 RUN
[2023-09-16 17:58:43] 站点 https://ldo.one 检测完成，包含所需字段，状态已更新为 RUN
[2023-09-16 17:58:44] 站点 https://scottyeung.top 检测完成，包含所需字段，状态已更新为 RUN
[2023-09-16 17:59:05] 站点 https://shuxhan.com 检测完成，请求出错，状态已更新为 ERROR
[2023-09-16 17:59:05] 站点 https://jokerdig.com 检测完成，包含所需字段，状态已更新为 RUN
[2023-09-16 17:59:05] 站点 https://www.morcat.cn 检测完成，包含所需字段，状态已更新为 RUN
[2023-09-16 17:59:06] 站点 https://katcloud.cn 检测完成，包含所需字段，状态已更新为 RUN
[2023-09-16 17:59:07] 站点 https://www.thyuu.com 检测完成，包含所需字段，状态已更新为 RUN
[2023-09-16 17:59:08] 站点 https://blog.jjdxb.top 检测完成，包含所需字段，状态已更新为 RUN
[2023-09-16 17:59:09] 站点 https://blog.y7n05h.dev 检测完成，包含所需字段，状态已更新为 RUN
[2023-09-16 17:59:10] 站点 https://www.chenmx.net 检测完成，包含所需字段，状态已更新为 RUN
[2023-09-16 17:59:15] 站点 https://www.cbxg.icu 检测完成，包含所需字段，状态已更新为 RUN
[2023-09-16 17:59:17] 站点 https://wiki.eryajf.net 检测完成，包含所需字段，状态已更新为 RUN
[2023-09-16 17:59:18] 站点 https://totoro.site 检测完成，包含所需字段，状态已更新为 RUN
[2023-09-16 17:59:18] 站点 https://blog.hzchu.top 检测完成，包含所需字段，状态已更新为 RUN
[2023-09-16 17:59:20] 站点 https://www.luodeb.top 检测完成，包含所需字段，状态已更新为 RUN
[2023-09-16 17:59:20] 站点 https://kqh.me 检测完成，包含所需字段，状态已更新为 RUN
[2023-09-16 17:59:23] 站点 https://cairbin.top 检测完成，包含所需字段，状态已更新为 RUN
[2023-09-16 17:59:23] 站点 https://heroxin.xyz 检测完成，包含所需字段，状态已更新为 RUN
[2023-09-16 17:59:25] 站点 https://hu86.cc 检测完成，包含所需字段，状态已更新为 RUN
[2023-09-16 17:59:25] 站点 https://blog.jaspirit.cc 检测完成，包含所需字段，状态已更新为 RUN
[2023-09-16 17:59:25] 站点 https://kenshin2438.top 检测完成，包含所需字段，状态已更新为 RUN
[2023-09-16 17:59:26] 站点 https://www.tonyyin.top 检测完成，包含所需字段，状态已更新为 RUN
[2023-09-16 17:59:27] 站点 https://blog.lxscloud.top 检测完成，包含所需字段，状态已更新为 RUN
[2023-09-16 17:59:30] 站点 https://www.owwee.cn 检测完成，包含所需字段，状态已更新为 RUN
[2023-09-16 17:59:30] 站点 https://chenhe.me 检测完成，包含所需字段，状态已更新为 RUN
[2023-09-16 17:59:30] 站点 https://blog.skihome.xyz 检测完成，包含所需字段，状态已更新为 RUN
[2023-09-16 17:59:32] 站点 https://www.yumus.cn 检测完成，包含所需字段，状态已更新为 RUN
[2023-09-16 17:59:33] 站点 https://www.bio-w.cn 检测完成，请求返回 521 状态码，状态已更新为 521
[2023-09-16 17:59:33] 站点 https://longtao.fun 检测完成，包含所需字段，状态已更新为 RUN
[2023-09-16 17:59:34] 站点 https://blog.dlya.top 检测完成，包含所需字段，状态已更新为 RUN
[2023-09-16 17:59:34] 站点 https://blog.moe233.net 检测完成，包含所需字段，状态已更新为 RUN
[2023-09-16 17:59:36] 站点 https://www.throwx.cn 检测完成，包含所需字段，状态已更新为 RUN
[2023-09-16 17:59:37] 站点 https://kk.hackerjk.top 检测完成，包含所需字段，状态已更新为 RUN
[2023-09-16 17:59:58] 站点 https://chuxjian.asia 检测完成，请求出错，状态已更新为 ERROR
[2023-09-16 17:59:59] 站点 https://www.ohyee.cc 检测完成，包含所需字段，状态已更新为 RUN
[2023-09-16 18:00:00] 站点 https://szx.life 检测完成，请求返回 514 状态码，状态已更新为 514
[2023-09-16 18:00:00] 站点 https://lifeni.life 检测完成，包含所需字段，状态已更新为 RUN
[2023-09-16 18:00:01] 站点 https://pzwd.net 检测完成，包含所需字段，状态已更新为 RUN
[2023-09-16 18:00:02] 站点 https://bntx.ml 检测完成，请求出错，状态已更新为 ERROR
[2023-09-16 18:00:03] 站点 https://www.utopiaxc.cn 检测完成，包含所需字段，状态已更新为 RUN
[2023-09-16 18:00:05] 站点 https://baipin.pw 检测完成，包含所需字段，状态已更新为 RUN
[2023-09-16 18:00:07] 站点 https://cat.dorcandy.cn 检测完成，不包含所需字段，状态已更新为 LOST
[2023-09-16 18:00:08] 站点 https://aloner.ink 检测完成，包含所需字段，状态已更新为 RUN
[2023-09-16 18:00:09] 站点 https://moe.tips 检测完成，包含所需字段，状态已更新为 RUN
[2023-09-16 18:00:10] 站点 https://www.chenxublog.com 检测完成，包含所需字段，状态已更新为 RUN
[2023-09-16 18:00:12] 站点 https://www.manshaoco.com 检测完成，包含所需字段，状态已更新为 RUN
[2023-09-16 18:00:13] 站点 https://张晶晶.我爱你 检测完成，请求出错，状态已更新为 ERROR
[2023-09-16 18:00:14] 站点 https://imba97.cn 检测完成，包含所需字段，状态已更新为 RUN
[2023-09-16 18:00:15] 站点 https://fairysen.com 检测完成，包含所需字段，状态已更新为 RUN
[2023-09-16 18:00:16] 站点 https://www.frytea.com 检测完成，包含所需字段，状态已更新为 RUN
[2023-09-16 18:00:16] 站点 https://blog.ltya.top 检测完成，包含所需字段，状态已更新为 RUN
[2023-09-16 18:00:17] 站点 https://docs.shanyuhai.top 检测完成，包含所需字段，状态已更新为 RUN
[2023-09-16 18:00:19] 站点 https://www.czfq99.cn 检测完成，包含所需字段，状态已更新为 RUN
[2023-09-16 18:00:22] 站点 https://blog.goodfish.site 检测完成，包含所需字段，状态已更新为 RUN
[2023-09-16 18:00:44] 站点 https://seija.me 检测完成，请求出错，状态已更新为 ERROR
[2023-09-16 18:00:46] 站点 https://www.fish9.cn 检测完成，包含所需字段，状态已更新为 RUN
[2023-09-16 18:00:48] 站点 https://blog.chrison.cn 检测完成，包含所需字段，状态已更新为 RUN
[2023-09-16 18:00:48] 站点 https://im.daidr.me 检测完成，包含所需字段，状态已更新为 RUN
[2023-09-16 18:00:49] 站点 https://github.com/travellings-link/travellings 检测完成，包含所需字段，状态已更新为 RUN
[2023-09-16 18:00:49] 站点 https://wp.remudaisuki.top 检测完成，请求出错，状态已更新为 ERROR
[2023-09-16 18:00:50] 站点 https://liuyude.com 检测完成，包含所需字段，状态已更新为 RUN
[2023-09-16 18:00:51] 站点 https://jerrychoices.cn 检测完成，包含所需字段，状态已更新为 RUN
[2023-09-16 18:00:53] 站点 https://blog.catrol.cn 检测完成，包含所需字段，状态已更新为 RUN
[2023-09-16 18:00:54] 站点 https://blog.immccn123.xyz 检测完成，包含所需字段，状态已更新为 RUN
[2023-09-16 18:01:15] 站点 https://jwblog.xyz 检测完成，请求出错，状态已更新为 ERROR
[2023-09-16 18:01:16] 站点 https://iloli.moe 检测完成，包含所需字段，状态已更新为 RUN
[2023-09-16 18:01:37] 站点 http://blog.diego.plus:5800 检测完成，请求出错，状态已更新为 ERROR
[2023-09-16 18:01:39] 站点 https://soulchild.cn 检测完成，包含所需字段，状态已更新为 RUN
[2023-09-16 18:01:41] 站点 https://7boe.top 检测完成，包含所需字段，状态已更新为 RUN
[2023-09-16 18:01:41] 站点 https://zinglix.xyz 检测完成，包含所需字段，状态已更新为 RUN
[2023-09-16 18:01:43] 站点 https://nie.su 检测完成，包含所需字段，状态已更新为 RUN
[2023-09-16 18:01:43] 站点 https://imcbc.cn 检测完成，包含所需字段，状态已更新为 RUN
[2023-09-16 18:01:45] 站点 https://nickx.cn 检测完成，包含所需字段，状态已更新为 RUN
[2023-09-16 18:01:46] 站点 https://hugo.bnblogs.cc 检测完成，包含所需字段，状态已更新为 RUN
[2023-09-16 18:01:47] 站点 https://www.hovthen.com 检测完成，包含所需字段，状态已更新为 RUN
[2023-09-16 18:01:47] 站点 https://lanta.bangumi.cyou 检测完成，包含所需字段，状态已更新为 RUN
[2023-09-16 18:01:47] 站点 https://irithys.com 检测完成，不包含所需字段，状态已更新为 LOST
[2023-09-16 18:01:48] 站点 https://weekdawn.github.io 检测完成，包含所需字段，状态已更新为 RUN
[2023-09-16 18:01:48] 站点 https://www.oplog.cn 检测完成，包含所需字段，状态已更新为 RUN
[2023-09-16 18:01:48] 站点 https://blog.nofated.win 检测完成，包含所需字段，状态已更新为 RUN
[2023-09-16 18:01:49] 站点 https://zhekunren.github.io 检测完成，包含所需字段，状态已更新为 RUN
[2023-09-16 18:01:49] 站点 https://www.helywin.com 检测完成，包含所需字段，状态已更新为 RUN
[2023-09-16 18:01:51] 站点 https://lml023.top 检测完成，包含所需字段，状态已更新为 RUN
[2023-09-16 18:01:52] 站点 https://blog.isww.cn 检测完成，包含所需字段，状态已更新为 RUN
[2023-09-16 18:01:53] 站点 https://www.sitstars.com 检测完成，不包含所需字段，状态已更新为 LOST
[2023-09-16 18:01:54] 站点 https://smilear.cn 检测完成，不包含所需字段，状态已更新为 LOST
[2023-09-16 18:01:54] 站点 https://yexsi.com 检测完成，不包含所需字段，状态已更新为 LOST
[2023-09-16 18:01:56] 站点 https://www.zlinblog.cn 检测完成，包含所需字段，状态已更新为 RUN
[2023-09-16 18:01:56] 站点 https://www.alpacabro.com 检测完成，包含所需字段，状态已更新为 RUN
[2023-09-16 18:01:57] 站点 https://blog.orangii.cn 检测完成，包含所需字段，状态已更新为 RUN
[2023-09-16 18:01:59] 站点 https://rousongs.com 检测完成，包含所需字段，状态已更新为 RUN
[2023-09-16 18:01:59] 站点 https://blogs.stephen-zhang.cn 检测完成，包含所需字段，状态已更新为 RUN
[2023-09-16 18:02:01] 站点 https://blog.junrz.cn 检测完成，不包含所需字段，状态已更新为 LOST
[2023-09-16 18:02:01] 站点 https://anotherdayu.com 检测完成，不包含所需字段，状态已更新为 LOST
[2023-09-16 18:02:02] 站点 https://letanml.xyz 检测完成，请求返回 404 状态码，状态已更新为 404
[2023-09-16 18:02:03] 站点 https://rl1.cc 检测完成，请求出错，状态已更新为 ERROR
[2023-09-16 18:02:04] 站点 https://wanyijizi.com 检测完成，包含所需字段，状态已更新为 RUN
[2023-09-16 18:02:07] 站点 https://blog.sehnsucht.top 检测完成，不包含所需字段，状态已更新为 LOST
[2023-09-16 18:02:09] 站点 https://isfalse.pro 检测完成，不包含所需字段，状态已更新为 LOST
[2023-09-16 18:02:10] 站点 https://blog.806006.xyz 检测完成，包含所需字段，状态已更新为 RUN
[2023-09-16 18:02:12] 站点 https://www.clrxx.com 检测完成，不包含所需字段，状态已更新为 LOST
[2023-09-16 18:02:13] 站点 https://www.next-page.cn 检测完成，包含所需字段，状态已更新为 RUN
[2023-09-16 18:02:15] 站点 https://www.miraclezhb.com 检测完成，包含所需字段，状态已更新为 RUN
[2023-09-16 18:02:16] 站点 https://www.yozll.com 检测完成，包含所需字段，状态已更新为 RUN
[2023-09-16 18:02:19] 站点 https://blog.stevenw.cc 检测完成，包含所需字段，状态已更新为 RUN
[2023-09-16 18:02:21] 站点 https://nixieka.top 检测完成，包含所需字段，状态已更新为 RUN
[2023-09-16 18:02:21] 站点 https://uu.sssu.us 检测完成，请求出错，状态已更新为 ERROR
[2023-09-16 18:02:21] 站点 https://barku.re/blog 检测完成，不包含所需字段，状态已更新为 LOST
[2023-09-16 18:02:22] 站点 https://blog.pylogmon.com 检测完成，请求出错，状态已更新为 ERROR
[2023-09-16 18:02:43] 站点 https://www.yoliliyo.com 检测完成，请求出错，状态已更新为 ERROR
[2023-09-16 18:02:44] 站点 https://9941y.top 检测完成，请求出错，状态已更新为 ERROR
[2023-09-16 18:02:45] 站点 https://www.ccyh.xyz 检测完成，请求返回 500 状态码，状态已更新为 500
[2023-09-16 18:02:46] 站点 https://www.skyre.cn 检测完成，请求出错，状态已更新为 ERROR
[2023-09-16 18:02:47] 站点 https://www.cicode.cn 检测完成，请求出错，状态已更新为 ERROR
[2023-09-16 18:02:47] 站点 https://f2h2h1.github.io 检测完成，包含所需字段，状态已更新为 RUN
[2023-09-16 18:02:49] 站点 https://fu1fan.cn 检测完成，包含所需字段，状态已更新为 RUN
[2023-09-16 18:02:51] 站点 https://www.imcharon.com 检测完成，包含所需字段，状态已更新为 RUN
[2023-09-16 18:02:52] 站点 https://xyzbz.cn 检测完成，包含所需字段，状态已更新为 RUN
[2023-09-16 18:02:54] 站点 https://josephz.top 检测完成，包含所需字段，状态已更新为 RUN
[2023-09-16 18:02:54] 站点 https://v2hot.pipecraft.net 检测完成，包含所需字段，状态已更新为 RUN
[2023-09-16 18:02:54] 站点 https://dvel.me 检测完成，包含所需字段，状态已更新为 RUN
[2023-09-16 18:02:55] 站点 https://zblogs.top 检测完成，包含所需字段，状态已更新为 RUN
[2023-09-16 18:02:56] 站点 https://yiqiangshiyia.cn 检测完成，包含所需字段，状态已更新为 RUN
[2023-09-16 18:02:57] 站点 https://jukebox.pipecraft.net 检测完成，包含所需字段，状态已更新为 RUN
[2023-09-16 18:02:58] 站点 https://discuss-cn.bestxtools.com 检测完成，包含所需字段，状态已更新为 RUN
[2023-09-16 18:02:58] 站点 https://blog.wingszeng.top 检测完成，包含所需字段，状态已更新为 RUN
[2023-09-16 18:02:59] 站点 https://www.astrophel.top 检测完成，包含所需字段，状态已更新为 RUN
[2023-09-16 18:03:01] 站点 https://weistuday.com 检测完成，包含所需字段，状态已更新为 RUN
[2023-09-16 18:03:02] 站点 https://stvue.com 检测完成，包含所需字段，状态已更新为 RUN
[2023-09-16 18:03:02] 站点 https://www.leyoubaloy.xyz 检测完成，包含所需字段，状态已更新为 RUN
[2023-09-16 18:03:03] 站点 https://www.moraex.com 检测完成，包含所需字段，状态已更新为 RUN
[2023-09-16 18:03:04] 站点 https://yujiale.blog 检测完成，包含所需字段，状态已更新为 RUN
[2023-09-16 18:03:04] 站点 https://blog.jerrywick.com 检测完成，包含所需字段，状态已更新为 RUN
[2023-09-16 18:03:05] 站点 https://dabigu.xyz 检测完成，包含所需字段，状态已更新为 RUN
[2023-09-16 18:03:06] 站点 https://blog.dominoh.com 检测完成，包含所需字段，状态已更新为 RUN
[2023-09-16 18:03:06] 站点 https://www.nikoblog.top 检测完成，不包含所需字段，状态已更新为 LOST
[2023-09-16 18:03:07] 站点 https://lxnchan.cn 检测完成，包含所需字段，状态已更新为 RUN
[2023-09-16 18:03:08] 站点 https://masle.top 检测完成，包含所需字段，状态已更新为 RUN
[2023-09-16 18:03:08] 站点 https://blog.yidaozhan.top 检测完成，包含所需字段，状态已更新为 RUN
[2023-09-16 18:03:30] 站点 https://www.bena.cn 检测完成，请求出错，状态已更新为 ERROR
[2023-09-16 18:03:30] 站点 https://blog.helim.net 检测完成，请求出错，状态已更新为 ERROR
[2023-09-16 18:03:36] 站点 https://www.youngsforever.online 检测完成，请求返回 502 状态码，状态已更新为 502
[2023-09-16 18:03:36] 站点 https://www.js-ll.cn 检测完成，请求出错，状态已更新为 ERROR
[2023-09-16 18:03:38] 站点 https://blog.chaunceychi.fun 检测完成，包含所需字段，状态已更新为 RUN
[2023-09-16 18:03:40] 站点 https://blog.xcnya.cn 检测完成，包含所需字段，状态已更新为 RUN
[2023-09-16 18:03:40] 站点 https://byzliublog.xyz 检测完成，不包含所需字段，状态已更新为 LOST
[2023-09-16 18:03:41] 站点 https://blog.sdgou.cc 检测完成，包含所需字段，状态已更新为 RUN
[2023-09-16 18:03:56] 站点 https://lishizi.jushistudio.com 检测完成，包含所需字段，状态已更新为 RUN
[2023-09-16 18:03:56] 站点 https://moi-mo.github.io 检测完成，包含所需字段，状态已更新为 RUN
[2023-09-16 18:03:57] 站点 https://blog.sakurasep.site 检测完成，包含所需字段，状态已更新为 RUN
[2023-09-16 18:03:57] 站点 https://www.ygxz.in 检测完成，包含所需字段，状态已更新为 RUN
[2023-09-16 18:03:59] 站点 https://helloseraphine.top 检测完成，不包含所需字段，状态已更新为 LOST
[2023-09-16 18:04:00] 站点 https://cacx.cc 检测完成，包含所需字段，状态已更新为 RUN
[2023-09-16 18:04:02] 站点 https://wyxogo.top 检测完成，包含所需字段，状态已更新为 RUN
[2023-09-16 18:04:03] 站点 https://blog.xlenco.top 检测完成，包含所需字段，状态已更新为 RUN
[2023-09-16 18:04:03] 站点 https://blog.wututu.cn 检测完成，请求出错，状态已更新为 ERROR
[2023-09-16 18:04:04] 站点 https://www.ordchaos.com 检测完成，包含所需字段，状态已更新为 RUN
[2023-09-16 18:04:06] 站点 https://www.ykuee.link 检测完成，包含所需字段，状态已更新为 RUN
[2023-09-16 18:04:08] 站点 https://blog.zhheo.com 检测完成，包含所需字段，状态已更新为 RUN
[2023-09-16 18:04:09] 站点 https://mm.yaomomo.com 检测完成，包含所需字段，状态已更新为 RUN
[2023-09-16 18:04:10] 站点 https://blog.liugezhou.online 检测完成，包含所需字段，状态已更新为 RUN
[2023-09-16 18:04:40] 站点 https://www.rsecc.cn 检测完成，请求超时，状态已更新为 TIMEOUT
[2023-09-16 18:04:40] 站点 https://www.hairy.blog 检测完成，不包含所需字段，状态已更新为 LOST
[2023-09-16 18:04:44] 站点 https://tool.cprk.cc 检测完成，不包含所需字段，状态已更新为 LOST
[2023-09-16 18:04:45] 站点 https://liupj.top 检测完成，包含所需字段，状态已更新为 RUN
[2023-09-16 18:04:47] 站点 https://www.data-era.cn 检测完成，包含所需字段，状态已更新为 RUN
[2023-09-16 18:04:49] 站点 https://blog.lsilencej.top 检测完成，包含所需字段，状态已更新为 RUN
[2023-09-16 18:04:54] 站点 https://www.imut.xyz 检测完成，包含所需字段，状态已更新为 RUN
[2023-09-16 18:04:55] 站点 https://blog.rick.icu 检测完成，包含所需字段，状态已更新为 RUN
[2023-09-16 18:04:55] 站点 https://www.nonedata.com 检测完成，包含所需字段，状态已更新为 RUN
[2023-09-16 18:04:58] 站点 https://kuaikan.ink 检测完成，包含所需字段，状态已更新为 RUN
[2023-09-16 18:05:00] 站点 https://www.cprk.cc 检测完成，不包含所需字段，状态已更新为 LOST
[2023-09-16 18:05:00] 站点 https://www.xdull.cn 检测完成，包含所需字段，状态已更新为 RUN
[2023-09-16 18:05:02] 站点 https://www.casecori.top 检测完成，包含所需字段，状态已更新为 RUN
[2023-09-16 18:05:09] 站点 https://blog.kobal.cn 检测完成，请求出错，状态已更新为 ERROR
[2023-09-16 18:05:10] 站点 https://www.tyrantg.com 检测完成，包含所需字段，状态已更新为 RUN
[2023-09-16 18:05:11] 站点 https://www.shibuyu.fun 检测完成，包含所需字段，状态已更新为 RUN
[2023-09-16 18:05:16] 站点 https://panda995.xyz 检测完成，包含所需字段，状态已更新为 RUN
[2023-09-16 18:05:17] 站点 https://www.bytecho.net 检测完成，包含所需字段，状态已更新为 RUN
[2023-09-16 18:05:17] 站点 https://blog.code520.com.cn 检测完成，包含所需字段，状态已更新为 RUN
[2023-09-16 18:05:19] 站点 https://mojinxi.cn 检测完成，包含所需字段，状态已更新为 RUN
[2023-09-16 18:05:20] 站点 https://blog.meta-code.top 检测完成，包含所需字段，状态已更新为 RUN
[2023-09-16 18:05:21] 站点 https://icooper.cc 检测完成，包含所需字段，状态已更新为 RUN
[2023-09-16 18:05:21] 站点 https://ggj.moe 检测完成，不包含所需字段，状态已更新为 LOST
[2023-09-16 18:05:24] 站点 https://bolg.wuenci.wang 检测完成，包含所需字段，状态已更新为 RUN
[2023-09-16 18:05:26] 站点 https://7gugu.com 检测完成，包含所需字段，状态已更新为 RUN
[2023-09-16 18:05:28] 站点 https://blog.leonus.cn 检测完成，包含所需字段，状态已更新为 RUN
[2023-09-16 18:05:29] 站点 https://moechun.fun 检测完成，包含所需字段，状态已更新为 RUN
[2023-09-16 18:05:29] 站点 https://champhoon.xyz 检测完成，包含所需字段，状态已更新为 RUN
[2023-09-16 18:05:31] 站点 https://sxrekord.com 检测完成，包含所需字段，状态已更新为 RUN
[2023-09-16 18:05:33] 站点 https://blog.ohtoai.com 检测完成，不包含所需字段，状态已更新为 LOST
[2023-09-16 18:05:34] 站点 https://aotxland.com 检测完成，包含所需字段，状态已更新为 RUN
[2023-09-16 18:05:34] 站点 https://baii.icu 检测完成，包含所需字段，状态已更新为 RUN
[2023-09-16 18:05:35] 站点 https://xiangshu233.cn 检测完成，包含所需字段，状态已更新为 RUN
[2023-09-16 18:05:35] 站点 https://yuanzj.top 检测完成，包含所需字段，状态已更新为 RUN
[2023-09-16 18:05:37] 站点 https://blog.roccoshi.top 检测完成，包含所需字段，状态已更新为 RUN
[2023-09-16 18:05:39] 站点 https://blog.kobin.cn 检测完成，不包含所需字段，状态已更新为 LOST
[2023-09-16 18:05:39] 站点 https://pkold.com 检测完成，包含所需字段，状态已更新为 RUN
[2023-09-16 18:05:40] 站点 https://blog.davidweng.tk 检测完成，包含所需字段，状态已更新为 RUN
[2023-09-16 18:05:41] 站点 https://blog.hijiajia.xyz 检测完成，包含所需字段，状态已更新为 RUN
[2023-09-16 18:05:41] 站点 https://fffzlfk.github.io 检测完成，包含所需字段，状态已更新为 RUN
[2023-09-16 18:05:42] 站点 https://b.925i.cn 检测完成，包含所需字段，状态已更新为 RUN
[2023-09-16 18:05:43] 站点 https://wangyunzi.com 检测完成，包含所需字段，状态已更新为 RUN
[2023-09-16 18:05:44] 站点 https://blog.nosecurity.cn 检测完成，包含所需字段，状态已更新为 RUN
[2023-09-16 18:05:45] 站点 https://ameow.xyz 检测完成，包含所需字段，状态已更新为 RUN
[2023-09-16 18:05:46] 站点 https://shockerli.net 检测完成，包含所需字段，状态已更新为 RUN
[2023-09-16 18:05:47] 站点 https://www.dnxrzl.com 检测完成，包含所需字段，状态已更新为 RUN
[2023-09-16 18:05:51] 站点 https://www.x8xx.cn 检测完成，包含所需字段，状态已更新为 RUN
[2023-09-16 18:05:51] 站点 https://www.shifeiti.com 检测完成，包含所需字段，状态已更新为 RUN
[2023-09-16 18:05:52] 站点 https://www.loquy.cn 检测完成，包含所需字段，状态已更新为 RUN
[2023-09-16 18:05:52] 站点 https://jiyu134.top 检测完成，包含所需字段，状态已更新为 RUN
[2023-09-16 18:05:53] 站点 https://www.kaitaku.xyz 检测完成，包含所需字段，状态已更新为 RUN
[2023-09-16 18:05:54] 站点 https://www.aurora.love 检测完成，请求出错，状态已更新为 ERROR
[2023-09-16 18:05:54] 站点 https://amber6hua.github.io 检测完成，不包含所需字段，状态已更新为 LOST
[2023-09-16 18:05:56] 站点 https://acchw.top 检测完成，包含所需字段，状态已更新为 RUN
[2023-09-16 18:05:57] 站点 https://www.itbob.cn 检测完成，包含所需字段，状态已更新为 RUN
[2023-09-16 18:05:57] 站点 https://yoseya2410.github.io 检测完成，包含所需字段，状态已更新为 RUN
[2023-09-16 18:05:58] 站点 https://jiejie.uk/blog 检测完成，包含所需字段，状态已更新为 RUN
[2023-09-16 18:06:00] 站点 https://suemor.com 检测完成，包含所需字段，状态已更新为 RUN
[2023-09-16 18:06:00] 站点 https://b.hui.ke 检测完成，包含所需字段，状态已更新为 RUN
[2023-09-16 18:06:01] 站点 https://blog.mariozzj.cn 检测完成，包含所需字段，状态已更新为 RUN
[2023-09-16 18:06:01] 站点 https://blog.moew.xyz 检测完成，包含所需字段，状态已更新为 RUN
[2023-09-16 18:06:02] 站点 https://blog.goodboyboy.top 检测完成，包含所需字段，状态已更新为 RUN
[2023-09-16 18:06:03] 站点 https://hongweblog.com 检测完成，不包含所需字段，状态已更新为 LOST
[2023-09-16 18:06:04] 站点 https://fanyiming.life 检测完成，包含所需字段，状态已更新为 RUN
[2023-09-16 18:06:05] 站点 https://blog.musnow.top 检测完成，包含所需字段，状态已更新为 RUN
[2023-09-16 18:06:05] 站点 https://blog.ganxb2.com 检测完成，包含所需字段，状态已更新为 RUN
[2023-09-16 18:06:07] 站点 https://www.iots.vip 检测完成，包含所需字段，状态已更新为 RUN
[2023-09-16 18:06:08] 站点 https://wannote.com 检测完成，不包含所需字段，状态已更新为 LOST
[2023-09-16 18:06:08] 站点 https://amiaaaz.github.io 检测完成，包含所需字段，状态已更新为 RUN
[2023-09-16 18:06:09] 站点 https://tdeh.top 检测完成，包含所需字段，状态已更新为 RUN
[2023-09-16 18:06:10] 站点 https://diary.bid 检测完成，包含所需字段，状态已更新为 RUN
[2023-09-16 18:06:13] 站点 https://blog.levnli.cn 检测完成，包含所需字段，状态已更新为 RUN
[2023-09-16 18:06:13] 站点 https://www.chwin.asia 检测完成，包含所需字段，状态已更新为 RUN
[2023-09-16 18:06:14] 站点 https://www.xrpyq.com 检测完成，不包含所需字段，状态已更新为 LOST
[2023-09-16 18:06:15] 站点 https://www.rqdmap.top 检测完成，包含所需字段，状态已更新为 RUN
[2023-09-16 18:06:37] 站点 https://xskj.love 检测完成，请求出错，状态已更新为 ERROR
[2023-09-16 18:06:37] 站点 https://blog.1id.top 检测完成，包含所需字段，状态已更新为 RUN
[2023-09-16 18:06:40] 站点 https://furryowo.top 检测完成，不包含所需字段，状态已更新为 LOST
[2023-09-16 18:06:42] 站点 https://www.haoba.cc 检测完成，包含所需字段，状态已更新为 RUN
[2023-09-16 18:06:43] 站点 https://echeverra.cn 检测完成，包含所需字段，状态已更新为 RUN
[2023-09-16 18:07:05] 站点 https://blog.rabbitwebs.cn 检测完成，请求出错，状态已更新为 ERROR
[2023-09-16 18:07:05] 站点 https://his2nd.life 检测完成，包含所需字段，状态已更新为 RUN
[2023-09-16 18:07:08] 站点 https://taheta.ren 检测完成，包含所需字段，状态已更新为 RUN
[2023-09-16 18:07:08] 站点 https://www.zhengwenfeng.com 检测完成，包含所需字段，状态已更新为 RUN
[2023-09-16 18:07:10] 站点 https://www.nuyoahbk.com 检测完成，包含所需字段，状态已更新为 RUN
[2023-09-16 18:07:10] 站点 https://blog.mocn.top 检测完成，包含所需字段，状态已更新为 RUN
[2023-09-16 18:07:11] 站点 https://blog.zzppjj.top 检测完成，包含所需字段，状态已更新为 RUN
[2023-09-16 18:07:12] 站点 https://shape.kloudy.cn 检测完成，不包含所需字段，状态已更新为 LOST
[2023-09-16 18:07:13] 站点 https://www.zywvvd.com 检测完成，包含所需字段，状态已更新为 RUN
[2023-09-16 18:07:13] 站点 https://louisfiy.com 检测完成，包含所需字段，状态已更新为 RUN
[2023-09-16 18:07:15] 站点 https://moyu233.top 检测完成，包含所需字段，状态已更新为 RUN
[2023-09-16 18:07:16] 站点 https://www.dong27th.cn 检测完成，不包含所需字段，状态已更新为 LOST
[2023-09-16 18:07:18] 站点 https://blog.zhangda.xyz 检测完成，包含所需字段，状态已更新为 RUN
[2023-09-16 18:07:19] 站点 https://zyxin.xyz/blog 检测完成，包含所需字段，状态已更新为 RUN
[2023-09-16 18:07:20] 站点 https://www.okace.cn 检测完成，包含所需字段，状态已更新为 RUN
[2023-09-16 18:07:21] 站点 https://cheapy.top 检测完成，包含所需字段，状态已更新为 RUN
[2023-09-16 18:07:22] 站点 https://ichika.cc 检测完成，包含所需字段，状态已更新为 RUN
[2023-09-16 18:07:23] 站点 https://blog.jerryz.com.cn 检测完成，包含所需字段，状态已更新为 RUN
[2023-09-16 18:07:30] 站点 https://lorre.top 检测完成，包含所需字段，状态已更新为 RUN
[2023-09-16 18:07:31] 站点 https://blog.zekun.fun 检测完成，包含所需字段，状态已更新为 RUN
[2023-09-16 18:07:32] 站点 https://ley.best 检测完成，包含所需字段，状态已更新为 RUN
[2023-09-16 18:07:32] 站点 https://ayu.land 检测完成，包含所需字段，状态已更新为 RUN
[2023-09-16 18:07:34] 站点 https://blog.shineyu.cn 检测完成，包含所需字段，状态已更新为 RUN
[2023-09-16 18:07:34] 站点 https://idealistyu.github.io 检测完成，包含所需字段，状态已更新为 RUN
[2023-09-16 18:07:35] 站点 https://uuanqin.top 检测完成，请求出错，状态已更新为 ERROR
[2023-09-16 18:07:37] 站点 https://blog.qcmoe.com 检测完成，包含所需字段，状态已更新为 RUN
[2023-09-16 18:07:39] 站点 https://pandax.wiki 检测完成，包含所需字段，状态已更新为 RUN
[2023-09-16 18:07:42] 站点 https://blog.kkii.org 检测完成，包含所需字段，状态已更新为 RUN
[2023-09-16 18:07:42] 站点 https://hexo.hydi.xyz 检测完成，包含所需字段，状态已更新为 RUN
[2023-09-16 18:07:43] 站点 https://dabenshi.cn 检测完成，请求出错，状态已更新为 ERROR
[2023-09-16 18:07:44] 站点 https://ysicing.me 检测完成，包含所需字段，状态已更新为 RUN
[2023-09-16 18:07:46] 站点 https://daoker.cc 检测完成，包含所需字段，状态已更新为 RUN
[2023-09-16 18:07:49] 站点 https://aba.pet 检测完成，包含所需字段，状态已更新为 RUN
[2023-09-16 18:07:50] 站点 https://mskclover.com 检测完成，包含所需字段，状态已更新为 RUN
[2023-09-16 18:07:52] 站点 https://liufw.cn 检测完成，包含所需字段，状态已更新为 RUN
[2023-09-16 18:07:53] 站点 https://www.royc30ne.com 检测完成，包含所需字段，状态已更新为 RUN
[2023-09-16 18:07:54] 站点 https://blog.59888888.xyz 检测完成，包含所需字段，状态已更新为 RUN
[2023-09-16 18:07:54] 站点 https://blog.trotyl.xyz 检测完成，包含所需字段，状态已更新为 RUN
[2023-09-16 18:07:56] 站点 https://www.dhkk.cn 检测完成，包含所需字段，状态已更新为 RUN
[2023-09-16 18:07:56] 站点 https://www.xiaolai.cc 检测完成，包含所需字段，状态已更新为 RUN
[2023-09-16 18:07:57] 站点 https://catcat.blog 检测完成，包含所需字段，状态已更新为 RUN
[2023-09-16 18:07:57] 站点 https://jipa.uk 检测完成，包含所需字段，状态已更新为 RUN
[2023-09-16 18:08:02] 站点 https://notion.hehouhui.cn 检测完成，包含所需字段，状态已更新为 RUN
[2023-09-16 18:08:03] 站点 https://blog.lichenghao.cn 检测完成，包含所需字段，状态已更新为 RUN
[2023-09-16 18:08:05] 站点 https://linguoguang.com 检测完成，包含所需字段，状态已更新为 RUN
[2023-09-16 18:08:06] 站点 https://www.devzhi.com 检测完成，包含所需字段，状态已更新为 RUN
[2023-09-16 18:08:07] 站点 https://www.jssolo.com 检测完成，包含所需字段，状态已更新为 RUN
[2023-09-16 18:08:08] 站点 https://blog.aloys233.top 检测完成，包含所需字段，状态已更新为 RUN
[2023-09-16 18:08:09] 站点 https://rainiar.top 检测完成，包含所需字段，状态已更新为 RUN
[2023-09-16 18:08:10] 站点 https://jdjwzx233.cn 检测完成，不包含所需字段，状态已更新为 LOST
[2023-09-16 18:08:11] 站点 https://blog.cuger.cn 检测完成，包含所需字段，状态已更新为 RUN
[2023-09-16 18:08:11] 站点 https://littlenyima.github.io 检测完成，包含所需字段，状态已更新为 RUN
[2023-09-16 18:08:11] 站点 https://leonis.cc 检测完成，包含所需字段，状态已更新为 RUN
[2023-09-16 18:08:12] 站点 https://www.tjsky.net 检测完成，包含所需字段，状态已更新为 RUN
[2023-09-16 18:08:12] 站点 https://siax.cn 检测完成，包含所需字段，状态已更新为 RUN
[2023-09-16 18:08:12] 站点 https://umezane06.github.io 检测完成，包含所需字段，状态已更新为 RUN
[2023-09-16 18:08:14] 站点 https://www.sycamore.top 检测完成，包含所需字段，状态已更新为 RUN
[2023-09-16 18:08:15] 站点 https://www.olive-r.cn 检测完成，包含所需字段，状态已更新为 RUN
[2023-09-16 18:08:16] 站点 https://www.shimoko.com 检测完成，包含所需字段，状态已更新为 RUN
[2023-09-16 18:08:17] 站点 https://sbsbsb.icu 检测完成，请求返回 500 状态码，状态已更新为 500
[2023-09-16 18:08:19] 站点 https://blog.zzzdc.com 检测完成，包含所需字段，状态已更新为 RUN
[2023-09-16 18:08:21] 站点 https://www.csl88.top 检测完成，包含所需字段，状态已更新为 RUN
[2023-09-16 18:08:21] 站点 https://blog.sinzmise.top 检测完成，包含所需字段，状态已更新为 RUN
[2023-09-16 18:08:22] 站点 https://ymiir.top 检测完成，包含所需字段，状态已更新为 RUN
[2023-09-16 18:08:23] 站点 https://never666.uk 检测完成，包含所需字段，状态已更新为 RUN
[2023-09-16 18:08:24] 站点 https://linlexiao.com 检测完成，包含所需字段，状态已更新为 RUN
[2023-09-16 18:08:24] 站点 https://fat-old-eight.github.io 检测完成，包含所需字段，状态已更新为 RUN
[2023-09-16 18:08:26] 站点 https://gorpeln.cn 检测完成，包含所需字段，状态已更新为 RUN
[2023-09-16 18:08:27] 站点 https://www.jiangmiemie.com 检测完成，包含所需字段，状态已更新为 RUN
[2023-09-16 18:08:28] 站点 https://pinpe.top 检测完成，包含所需字段，状态已更新为 RUN
[2023-09-16 18:08:30] 站点 https://blog.jishuqin.cn 检测完成，包含所需字段，状态已更新为 RUN
[2023-09-16 18:08:32] 站点 https://www.wangdi.xyz 检测完成，包含所需字段，状态已更新为 RUN
[2023-09-16 18:08:34] 站点 https://blog.zmonster.top 检测完成，包含所需字段，状态已更新为 RUN
[2023-09-16 18:08:34] 站点 https://www.kanofans.com 检测完成，不包含所需字段，状态已更新为 LOST
[2023-09-16 18:08:35] 站点 https://blog.tigerxly.com 检测完成，不包含所需字段，状态已更新为 LOST
[2023-09-16 18:08:36] 站点 https://blog.dmxvx.cc 检测完成，不包含所需字段，状态已更新为 LOST
[2023-09-16 18:08:37] 站点 https://zimoou.com 检测完成，包含所需字段，状态已更新为 RUN
[2023-09-16 18:08:38] 站点 https://wp-boke.work 检测完成，包含所需字段，状态已更新为 RUN
[2023-09-16 18:08:39] 站点 https://ryanc.cc 检测完成，不包含所需字段，状态已更新为 LOST
[2023-09-16 18:08:39] 站点 https://crowndaisy.com 检测完成，不包含所需字段，状态已更新为 LOST
[2023-09-16 18:08:41] 站点 https://heycmm.cn 检测完成，不包含所需字段，状态已更新为 LOST
[2023-09-16 18:08:41] 站点 https://blog.guhub.cn 检测完成，不包含所需字段，状态已更新为 LOST
[2023-09-16 18:08:41] 站点 https://core.moe 检测完成，不包含所需字段，状态已更新为 LOST
[2023-09-16 18:08:43] 站点 https://spinaround.tk 检测完成，不包含所需字段，状态已更新为 LOST
[2023-09-16 18:08:44] 站点 https://skywt.cn 检测完成，不包含所需字段，状态已更新为 LOST
[2023-09-16 18:08:46] 站点 https://www.zkl2333.com 检测完成，不包含所需字段，状态已更新为 LOST
[2023-09-16 18:08:48] 站点 https://noheart.cn 检测完成，不包含所需字段，状态已更新为 LOST
[2023-09-16 18:08:49] 站点 https://www.wztlink1013.com 检测完成，不包含所需字段，状态已更新为 LOST
[2023-09-16 18:08:49] 站点 https://loafing.cn 检测完成，包含所需字段，状态已更新为 RUN
[2023-09-16 18:08:51] 站点 https://innei.ren 检测完成，不包含所需字段，状态已更新为 LOST
[2023-09-16 18:08:51] 站点 https://uts.ski 检测完成，不包含所需字段，状态已更新为 LOST
[2023-09-16 18:08:52] 站点 https://www.coolku.cc 检测完成，请求出错，状态已更新为 ERROR
[2023-09-16 18:08:54] 站点 https://funix.cn 检测完成，包含所需字段，状态已更新为 RUN
[2023-09-16 18:08:54] 站点 https://johnsonlee.site 检测完成，不包含所需字段，状态已更新为 LOST
[2023-09-16 18:08:54] 站点 https://megatontech.github.io 检测完成，包含所需字段，状态已更新为 RUN
[2023-09-16 18:08:55] 站点 https://ivampiresp.com 检测完成，不包含所需字段，状态已更新为 LOST
[2023-09-16 18:09:16] 站点 https://jinjis.cn 检测完成，请求出错，状态已更新为 ERROR
[2023-09-16 18:09:18] 站点 https://www.tanknee.cn 检测完成，不包含所需字段，状态已更新为 LOST
[2023-09-16 18:09:18] 站点 https://mmyyll.ml 检测完成，请求出错，状态已更新为 ERROR
[2023-09-16 18:09:19] 站点 https://blog.tigerroot.cn 检测完成，请求返回 403 状态码，状态已更新为 403
[2023-09-16 18:09:20] 站点 https://www.naraku.cn 检测完成，请求出错，状态已更新为 ERROR
[2023-09-16 18:09:21] 站点 https://www.wangkai88.com 检测完成，包含所需字段，状态已更新为 RUN
[2023-09-16 18:09:22] 站点 https://lxxs.xyz 检测完成，请求返回 500 状态码，状态已更新为 500
[2023-09-16 18:09:22] 站点 https://icheung.net 检测完成，请求出错，状态已更新为 ERROR
[2023-09-16 18:09:22] 站点 https://blog.zigao.info 检测完成，请求出错，状态已更新为 ERROR
[2023-09-16 18:09:22] 站点 https://blog.kaygb.com 检测完成，请求出错，状态已更新为 ERROR
[2023-09-16 18:09:24] 站点 https://nasity.cn 检测完成，请求出错，状态已更新为 ERROR
[2023-09-16 18:09:45] 站点 https://yuaneuro.cn 检测完成，请求出错，状态已更新为 ERROR
[2023-09-16 18:09:46] 站点 https://www.nymane.xyz 检测完成，请求出错，状态已更新为 ERROR
[2023-09-16 18:10:07] 站点 https://blog.yilon.top 检测完成，请求出错，状态已更新为 ERROR
[2023-09-16 18:10:07] 站点 https://www.solarme.vip 检测完成，请求出错，状态已更新为 ERROR
[2023-09-16 18:10:28] 站点 https://sqdxwz.top 检测完成，请求出错，状态已更新为 ERROR
[2023-09-16 18:10:29] 站点 https://www.isolitude.cn 检测完成，包含所需字段，状态已更新为 RUN
[2023-09-16 18:10:30] 站点 https://cak.moe 检测完成，包含所需字段，状态已更新为 RUN
[2023-09-16 18:10:30] 站点 https://blog.moefishtang.xyz 检测完成，请求出错，状态已更新为 ERROR
[2023-09-16 18:10:31] 站点 https://kylin.dev 检测完成，包含所需字段，状态已更新为 RUN
[2023-09-16 18:10:31] 站点 https://blog.aenjoy.cn 检测完成，请求出错，状态已更新为 ERROR
[2023-09-16 18:10:31] 站点 https://blog.lifeisgg.online 检测完成，请求出错，状态已更新为 ERROR
[2023-09-16 18:10:33] 站点 https://blog.mboker.cn 检测完成，请求出错，状态已更新为 ERROR
[2023-09-16 18:10:55] 站点 https://blog.xiadengma.top 检测完成，请求出错，状态已更新为 ERROR
[2023-09-16 18:11:02] 站点 https://www.jsxlo.com 检测完成，请求出错，状态已更新为 ERROR
[2023-09-16 18:11:03] 站点 https://blog.iswl.vip 检测完成，请求出错，状态已更新为 ERROR
[2023-09-16 18:11:03] 站点 https://paperbox.xyz 检测完成，请求出错，状态已更新为 ERROR
[2023-09-16 18:11:03] 站点 https://www.6zgm.com 检测完成，不包含所需字段，状态已更新为 LOST
[2023-09-16 18:11:04] 站点 https://gupan.site 检测完成，请求出错，状态已更新为 ERROR
[2023-09-16 18:11:05] 站点 https://www.itggg.cn 检测完成，请求出错，状态已更新为 ERROR
[2023-09-16 18:11:05] 站点 https://you.ci 检测完成，请求出错，状态已更新为 ERROR
[2023-09-16 18:11:05] 站点 https://www.whoit.top 检测完成，请求出错，状态已更新为 ERROR
[2023-09-16 18:11:06] 站点 https://www.wasabi.fun 检测完成，请求出错，状态已更新为 ERROR
[2023-09-16 18:11:06] 站点 https://jalenz.cn 检测完成，请求出错，状态已更新为 ERROR
[2023-09-16 18:11:06] 站点 https://www.geekera.cn 检测完成，请求出错，状态已更新为 ERROR
[2023-09-16 18:11:07] 站点 https://blog.china97.cn 检测完成，请求出错，状态已更新为 ERROR
[2023-09-16 18:11:08] 站点 https://seiryu.cn 检测完成，请求出错，状态已更新为 ERROR
[2023-09-16 18:11:29] 站点 https://www.luxinzhangyun.top 检测完成，请求出错，状态已更新为 ERROR
[2023-09-16 18:11:30] 站点 https://www.googlessr.top 检测完成，请求出错，状态已更新为 ERROR
[2023-09-16 18:11:30] 站点 https://jsun969.cn 检测完成，请求出错，状态已更新为 ERROR
[2023-09-16 18:11:32] 站点 https://www.ishells.cn 检测完成，请求出错，状态已更新为 ERROR
[2023-09-16 18:11:32] 站点 https://code016.com 检测完成，请求出错，状态已更新为 ERROR
[2023-09-16 18:11:38] 站点 https://www.yansanlu.com 检测完成，请求出错，状态已更新为 ERROR
[2023-09-16 18:11:59] 站点 https://www.fddmao.com 检测完成，请求出错，状态已更新为 ERROR
[2023-09-16 18:11:59] 站点 https://jiuxuxinchen.xyz 检测完成，请求出错，状态已更新为 ERROR
[2023-09-16 18:11:59] 站点 https://blog.lu-sky.com 检测完成，请求出错，状态已更新为 ERROR
[2023-09-16 18:12:29] 站点 https://mzrme.com 检测完成，请求超时，状态已更新为 TIMEOUT
[2023-09-16 18:12:30] 站点 https://www.ddg.ink 检测完成，请求出错，状态已更新为 ERROR
[2023-09-16 18:12:30] 站点 https://blog.zggsong.cn 检测完成，请求出错，状态已更新为 ERROR
[2023-09-16 18:12:35] 站点 https://bestzuo.cn 检测完成，请求出错，状态已更新为 ERROR
[2023-09-16 18:12:35] 站点 https://oxoch.com 检测完成，请求出错，状态已更新为 ERROR
[2023-09-16 18:12:36] 站点 https://www.wangyusong.cn 检测完成，请求出错，状态已更新为 ERROR
[2023-09-16 18:12:39] 站点 https://blog.zcmimi.top 检测完成，请求出错，状态已更新为 ERROR
[2023-09-16 18:12:39] 站点 https://jishujun.com 检测完成，请求出错，状态已更新为 ERROR
[2023-09-16 18:13:01] 站点 https://hasaik.com 检测完成，请求出错，状态已更新为 ERROR
[2023-09-16 18:13:01] 站点 https://www.kiritoghy.cn 检测完成，请求出错，状态已更新为 ERROR
[2023-09-16 18:13:23] 站点 https://neroasmar.top 检测完成，请求出错，状态已更新为 ERROR
[2023-09-16 18:13:23] 站点 https://www.iibaofu.cn 检测完成，请求出错，状态已更新为 ERROR
[2023-09-16 18:13:24] 站点 https://blog.coor.top 检测完成，请求出错，状态已更新为 ERROR
[2023-09-16 18:13:24] 站点 https://blog.flesx.cn 检测完成，请求出错，状态已更新为 ERROR
[2023-09-16 18:13:25] 站点 https://wnag.com.cn 检测完成，请求出错，状态已更新为 ERROR
[2023-09-16 18:13:47] 站点 https://kurumit3.top 检测完成，请求出错，状态已更新为 ERROR
[2023-09-16 18:13:47] 站点 https://voidge.cf 检测完成，请求出错，状态已更新为 ERROR
[2023-09-16 18:13:47] 站点 https://www.1-365.cn 检测完成，请求出错，状态已更新为 ERROR
[2023-09-16 18:13:47] 站点 https://ccccc.cyou 检测完成，请求出错，状态已更新为 ERROR
[2023-09-16 18:14:08] 站点 https://www.pootey.com 检测完成，请求出错，状态已更新为 ERROR
[2023-09-16 18:14:08] 站点 https://www.szfc13.cn 检测完成，请求出错，状态已更新为 ERROR
[2023-09-16 18:14:30] 站点 https://zoyua.cn 检测完成，请求出错，状态已更新为 ERROR
[2023-09-16 18:14:30] 站点 https://www.webpages.show 检测完成，请求出错，状态已更新为 ERROR
[2023-09-16 18:14:51] 站点 https://www.leejean.top 检测完成，请求出错，状态已更新为 ERROR
[2023-09-16 18:14:51] 站点 https://blog.tedgao.com 检测完成，请求出错，状态已更新为 ERROR
[2023-09-16 18:14:51] 站点 https://heshun.run 检测完成，请求出错，状态已更新为 ERROR
[2023-09-16 18:14:52] 站点 https://blog.xcbili.cn 检测完成，请求出错，状态已更新为 ERROR
[2023-09-16 18:15:13] 站点 https://www.heson10.com 检测完成，请求出错，状态已更新为 ERROR
[2023-09-16 18:15:15] 站点 https://www.lin03.cn 检测完成，请求返回 403 状态码，状态已更新为 403
[2023-09-16 18:15:16] 站点 https://wfblog.net 检测完成，请求出错，状态已更新为 ERROR
[2023-09-16 18:15:37] 站点 https://6773.ink 检测完成，请求出错，状态已更新为 ERROR
[2023-09-16 18:15:43] 站点 https://www.saroin.com 检测完成，请求出错，状态已更新为 ERROR
[2023-09-16 18:15:44] 站点 https://www.extingstudio.com 检测完成，包含所需字段，状态已更新为 RUN
[2023-09-16 18:15:44] 站点 https://zkpeace.com/blog-cn/home 检测完成，请求返回 404 状态码，状态已更新为 404
[2023-09-16 18:15:45] 站点 https://rua.ink 检测完成，不包含所需字段，状态已更新为 LOST
[2023-09-16 18:15:47] 站点 https://blog.yegetables.cn 检测完成，不包含所需字段，状态已更新为 LOST
[2023-09-16 18:15:47] 站点 https://blog.imoasislee.com 检测完成，不包含所需字段，状态已更新为 LOST
[2023-09-16 18:15:49] 站点 https://blog.tengfei.website 检测完成，包含所需字段，状态已更新为 RUN
[2023-09-16 18:15:49] 站点 https://blog.licaoz.com 检测完成，不包含所需字段，状态已更新为 LOST
[2023-09-16 18:15:51] 站点 https://www.yotroy.cool 检测完成，不包含所需字段，状态已更新为 LOST
[2023-09-16 18:15:52] 站点 https://www.mrgod.cn 检测完成，包含所需字段，状态已更新为 RUN
[2023-09-16 18:15:53] 站点 https://blog.iucky.cn 检测完成，不包含所需字段，状态已更新为 LOST
[2023-09-16 18:15:55] 站点 https://yufan.me 检测完成，不包含所需字段，状态已更新为 LOST
[2023-09-16 18:15:55] 站点 https://blog.stevelbr.top 检测完成，包含所需字段，状态已更新为 RUN
[2023-09-16 18:15:56] 站点 https://exploro.one 检测完成，不包含所需字段，状态已更新为 LOST
[2023-09-16 18:15:58] 站点 https://xeblog.cn 检测完成，不包含所需字段，状态已更新为 LOST
[2023-09-16 18:15:59] 站点 https://www.xuanzhi33.cn 检测完成，包含所需字段，状态已更新为 RUN
[2023-09-16 18:16:01] 站点 https://xiaolii.com 检测完成，包含所需字段，状态已更新为 RUN
[2023-09-16 18:16:02] 站点 https://imxxz.cn 检测完成，不包含所需字段，状态已更新为 LOST
[2023-09-16 18:16:02] 站点 https://www.rz.sb 检测完成，不包含所需字段，状态已更新为 LOST
[2023-09-16 18:16:04] 站点 https://back2me.cn 检测完成，不包含所需字段，状态已更新为 LOST
[2023-09-16 18:16:05] 站点 https://nai.si 检测完成，不包含所需字段，状态已更新为 LOST
[2023-09-16 18:16:05] 站点 https://blog.gd1214b.icu 检测完成，包含所需字段，状态已更新为 RUN
[2023-09-16 18:16:06] 站点 https://blog.lfhsheng.com 检测完成，包含所需字段，状态已更新为 RUN
[2023-09-16 18:16:06] 站点 https://youngjuning.js.org 检测完成，包含所需字段，状态已更新为 RUN
[2023-09-16 18:16:10] 站点 https://www.57blog.cn 检测完成，不包含所需字段，状态已更新为 LOST
[2023-09-16 18:16:10] 站点 https://oiermikec.fun 检测完成，请求出错，状态已更新为 ERROR
[2023-09-16 18:16:10] 站点 https://wmzwsa.xyz 检测完成，请求出错，状态已更新为 ERROR
[2023-09-16 18:16:11] 站点 https://hiwannz.com 检测完成，包含所需字段，状态已更新为 RUN
[2023-09-16 18:16:41] 站点 https://vpsur.com 检测完成，请求超时，状态已更新为 TIMEOUT
